2019-12-02 12:38:26.571 -05:00 [Warning] No connection could be made because the target machine actively refused it No connection could be made because the target machine actively refused it
System.Net.WebException: No connection could be made because the target machine actively refused it No connection could be made because the target machine actively refused it ---> System.Net.Http.HttpRequestException: No connection could be made because the target machine actively refused it ---> System.Net.Sockets.SocketException: No connection could be made because the target machine actively refused it
   at System.Net.Http.ConnectHelper.ConnectAsync(String host, Int32 port, CancellationToken cancellationToken)
   --- End of inner exception stack trace ---
   at System.Net.Http.ConnectHelper.ConnectAsync(String host, Int32 port, CancellationToken cancellationToken)
   at System.Threading.Tasks.ValueTask`1.get_Result()
   at System.Net.Http.HttpConnectionPool.CreateConnectionAsync(HttpRequestMessage request, CancellationToken cancellationToken)
   at System.Threading.Tasks.ValueTask`1.get_Result()
   at System.Net.Http.HttpConnectionPool.WaitForCreatedConnectionAsync(ValueTask`1 creationTask)
   at System.Threading.Tasks.ValueTask`1.get_Result()
   at System.Net.Http.HttpConnectionPool.SendWithRetryAsync(HttpRequestMessage request, Boolean doRequestAuth, CancellationToken cancellationToken)
   at System.Net.Http.RedirectHandler.SendAsync(HttpRequestMessage request, CancellationToken cancellationToken)
   at System.Net.Http.HttpClient.FinishSendAsyncUnbuffered(Task`1 sendTask, HttpRequestMessage request, CancellationTokenSource cts, Boolean disposeCts)
   at System.Net.HttpWebRequest.SendRequest()
   at System.Net.HttpWebRequest.GetResponse()
   --- End of inner exception stack trace ---
   at System.Net.HttpWebRequest.GetResponse()
   at EKT.FACT.Utilities.Rest.RestClient.Post(String Url, String Json, String Authorization) in C:\Users\Devops01\source\repos\FACT\EKT.FACT.Utilities\Rest\RestClient.cs:line 44
   at EKT.FACT.Utilities.Rest.RestClient.ProcessPostRequest(String Url, Object Request, String Authorization) in C:\Users\Devops01\source\repos\FACT\EKT.FACT.Utilities\Rest\RestClient.cs:line 52
   at EKT.FACT.Web.Controllers.LoginController.Validate(LoginRequest Request) in C:\Users\Devops01\source\repos\FACT\EKT.FACT.Web\Controllers\LoginController.cs:line 57
2019-12-02 16:28:55.507 -05:00 [Warning] The remote server returned an error: (500) Internal Server Error.
System.Net.WebException: The remote server returned an error: (500) Internal Server Error.
   at System.Net.HttpWebRequest.GetResponse()
   at EKT.FACT.Utilities.Rest.RestClient.Post(String Url, String Json, String Authorization) in C:\Users\Devops01\source\repos\FACT\EKT.FACT.Utilities\Rest\RestClient.cs:line 44
   at EKT.FACT.Utilities.Rest.RestClient.ProcessPostRequest(String Url, Object Request, String Authorization) in C:\Users\Devops01\source\repos\FACT\EKT.FACT.Utilities\Rest\RestClient.cs:line 52
   at EKT.FACT.Web.Controllers.LoginController.Validate(LoginRequest Request) in C:\Users\Devops01\source\repos\FACT\EKT.FACT.Web\Controllers\LoginController.cs:line 57
2019-12-02 16:29:07.122 -05:00 [Warning] The remote server returned an error: (500) Internal Server Error.
System.Net.WebException: The remote server returned an error: (500) Internal Server Error.
   at System.Net.HttpWebRequest.GetResponse()
   at EKT.FACT.Utilities.Rest.RestClient.Post(String Url, String Json, String Authorization) in C:\Users\Devops01\source\repos\FACT\EKT.FACT.Utilities\Rest\RestClient.cs:line 44
   at EKT.FACT.Utilities.Rest.RestClient.ProcessPostRequest(String Url, Object Request, String Authorization) in C:\Users\Devops01\source\repos\FACT\EKT.FACT.Utilities\Rest\RestClient.cs:line 52
   at EKT.FACT.Web.Controllers.LoginController.Validate(LoginRequest Request) in C:\Users\Devops01\source\repos\FACT\EKT.FACT.Web\Controllers\LoginController.cs:line 57
2019-12-02 16:29:45.113 -05:00 [Warning] The remote server returned an error: (500) Internal Server Error.
System.Net.WebException: The remote server returned an error: (500) Internal Server Error.
   at System.Net.HttpWebRequest.GetResponse()
   at EKT.FACT.Utilities.Rest.RestClient.Post(String Url, String Json, String Authorization) in C:\Users\Devops01\source\repos\FACT\EKT.FACT.Utilities\Rest\RestClient.cs:line 44
   at EKT.FACT.Utilities.Rest.RestClient.ProcessPostRequest(String Url, Object Request, String Authorization) in C:\Users\Devops01\source\repos\FACT\EKT.FACT.Utilities\Rest\RestClient.cs:line 52
   at EKT.FACT.Web.Controllers.LoginController.Validate(LoginRequest Request) in C:\Users\Devops01\source\repos\FACT\EKT.FACT.Web\Controllers\LoginController.cs:line 57
2019-12-02 16:30:31.316 -05:00 [Warning] The remote server returned an error: (500) Internal Server Error.
System.Net.WebException: The remote server returned an error: (500) Internal Server Error.
   at System.Net.HttpWebRequest.GetResponse()
   at EKT.FACT.Utilities.Rest.RestClient.Post(String Url, String Json, String Authorization) in C:\Users\Devops01\source\repos\FACT\EKT.FACT.Utilities\Rest\RestClient.cs:line 44
   at EKT.FACT.Utilities.Rest.RestClient.ProcessPostRequest(String Url, Object Request, String Authorization) in C:\Users\Devops01\source\repos\FACT\EKT.FACT.Utilities\Rest\RestClient.cs:line 52
   at EKT.FACT.Web.Controllers.LoginController.Validate(LoginRequest Request) in C:\Users\Devops01\source\repos\FACT\EKT.FACT.Web\Controllers\LoginController.cs:line 57
2019-12-02 16:30:51.229 -05:00 [Warning] The remote server returned an error: (500) Internal Server Error.
System.Net.WebException: The remote server returned an error: (500) Internal Server Error.
   at System.Net.HttpWebRequest.GetResponse()
   at EKT.FACT.Utilities.Rest.RestClient.Post(String Url, String Json, String Authorization) in C:\Users\Devops01\source\repos\FACT\EKT.FACT.Utilities\Rest\RestClient.cs:line 44
   at EKT.FACT.Utilities.Rest.RestClient.ProcessPostRequest(String Url, Object Request, String Authorization) in C:\Users\Devops01\source\repos\FACT\EKT.FACT.Utilities\Rest\RestClient.cs:line 52
   at EKT.FACT.Web.Controllers.LoginController.Validate(LoginRequest Request) in C:\Users\Devops01\source\repos\FACT\EKT.FACT.Web\Controllers\LoginController.cs:line 57
