2021-12-17 11:17:40.579 -05:00 [Warning] String was not recognized as a valid Boolean.
System.FormatException: String was not recognized as a valid Boolean.
   at System.Boolean.Parse(ReadOnlySpan`1 value)
   at System.Boolean.Parse(String value)
   at SimedCredito.Web.Controllers.FormularioClienteController.GuardarFormularioCliente(IFormFile FormFile1, IFormFile FormFile2, IFormFile FormFile3, IFormFile FormFile4, IFormFile FormFile5, IFormFile FormFile6, IFormFile FormFile7, IFormFile FormFile8, IFormFile FormFile9, IFormFile FormFile10, IFormFile FormFile11, IFormFile FormFile12, IFormFile FormFile13) in C:\Users\Usuario\Desktop\SistemaCreditoSimed\SimedCredito\SimedCredito.Web\Controllers\FormularioClienteController.cs:line 597
2021-12-17 11:18:34.588 -05:00 [Warning] String was not recognized as a valid Boolean.
System.FormatException: String was not recognized as a valid Boolean.
   at System.Boolean.Parse(ReadOnlySpan`1 value)
   at System.Boolean.Parse(String value)
   at SimedCredito.Web.Controllers.FormularioClienteController.GuardarFormularioCliente(IFormFile FormFile1, IFormFile FormFile2, IFormFile FormFile3, IFormFile FormFile4, IFormFile FormFile5, IFormFile FormFile6, IFormFile FormFile7, IFormFile FormFile8, IFormFile FormFile9, IFormFile FormFile10, IFormFile FormFile11, IFormFile FormFile12, IFormFile FormFile13) in C:\Users\Usuario\Desktop\SistemaCreditoSimed\SimedCredito\SimedCredito.Web\Controllers\FormularioClienteController.cs:line 597
2021-12-17 11:18:49.845 -05:00 [Warning] String was not recognized as a valid Boolean.
System.FormatException: String was not recognized as a valid Boolean.
   at System.Boolean.Parse(ReadOnlySpan`1 value)
   at System.Boolean.Parse(String value)
   at SimedCredito.Web.Controllers.FormularioClienteController.GuardarFormularioCliente(IFormFile FormFile1, IFormFile FormFile2, IFormFile FormFile3, IFormFile FormFile4, IFormFile FormFile5, IFormFile FormFile6, IFormFile FormFile7, IFormFile FormFile8, IFormFile FormFile9, IFormFile FormFile10, IFormFile FormFile11, IFormFile FormFile12, IFormFile FormFile13) in C:\Users\Usuario\Desktop\SistemaCreditoSimed\SimedCredito\SimedCredito.Web\Controllers\FormularioClienteController.cs:line 597
2021-12-17 11:19:20.067 -05:00 [Warning] String was not recognized as a valid Boolean.
System.FormatException: String was not recognized as a valid Boolean.
   at System.Boolean.Parse(ReadOnlySpan`1 value)
   at System.Boolean.Parse(String value)
   at SimedCredito.Web.Controllers.FormularioClienteController.GuardarFormularioCliente(IFormFile FormFile1, IFormFile FormFile2, IFormFile FormFile3, IFormFile FormFile4, IFormFile FormFile5, IFormFile FormFile6, IFormFile FormFile7, IFormFile FormFile8, IFormFile FormFile9, IFormFile FormFile10, IFormFile FormFile11, IFormFile FormFile12, IFormFile FormFile13) in C:\Users\Usuario\Desktop\SistemaCreditoSimed\SimedCredito\SimedCredito.Web\Controllers\FormularioClienteController.cs:line 597
2021-12-17 11:19:31.987 -05:00 [Warning] String was not recognized as a valid Boolean.
System.FormatException: String was not recognized as a valid Boolean.
   at System.Boolean.Parse(ReadOnlySpan`1 value)
   at System.Boolean.Parse(String value)
   at SimedCredito.Web.Controllers.FormularioClienteController.GuardarFormularioCliente(IFormFile FormFile1, IFormFile FormFile2, IFormFile FormFile3, IFormFile FormFile4, IFormFile FormFile5, IFormFile FormFile6, IFormFile FormFile7, IFormFile FormFile8, IFormFile FormFile9, IFormFile FormFile10, IFormFile FormFile11, IFormFile FormFile12, IFormFile FormFile13) in C:\Users\Usuario\Desktop\SistemaCreditoSimed\SimedCredito\SimedCredito.Web\Controllers\FormularioClienteController.cs:line 597
2021-12-17 11:19:53.588 -05:00 [Warning] String was not recognized as a valid Boolean.
System.FormatException: String was not recognized as a valid Boolean.
   at System.Boolean.Parse(ReadOnlySpan`1 value)
   at System.Boolean.Parse(String value)
   at SimedCredito.Web.Controllers.FormularioClienteController.GuardarFormularioCliente(IFormFile FormFile1, IFormFile FormFile2, IFormFile FormFile3, IFormFile FormFile4, IFormFile FormFile5, IFormFile FormFile6, IFormFile FormFile7, IFormFile FormFile8, IFormFile FormFile9, IFormFile FormFile10, IFormFile FormFile11, IFormFile FormFile12, IFormFile FormFile13) in C:\Users\Usuario\Desktop\SistemaCreditoSimed\SimedCredito\SimedCredito.Web\Controllers\FormularioClienteController.cs:line 597
2021-12-17 11:24:48.819 -05:00 [Warning] String was not recognized as a valid Boolean.
System.FormatException: String was not recognized as a valid Boolean.
   at System.Boolean.Parse(ReadOnlySpan`1 value)
   at System.Boolean.Parse(String value)
   at SimedCredito.Web.Controllers.FormularioClienteController.GuardarFormularioCliente(IFormFile FormFile1, IFormFile FormFile2, IFormFile FormFile3, IFormFile FormFile4, IFormFile FormFile5, IFormFile FormFile6, IFormFile FormFile7, IFormFile FormFile8, IFormFile FormFile9, IFormFile FormFile10, IFormFile FormFile11, IFormFile FormFile12, IFormFile FormFile13) in C:\Users\Usuario\Desktop\SistemaCreditoSimed\SimedCredito\SimedCredito.Web\Controllers\FormularioClienteController.cs:line 597
2021-12-17 11:27:02.859 -05:00 [Warning] String was not recognized as a valid Boolean.
System.FormatException: String was not recognized as a valid Boolean.
   at System.Boolean.Parse(ReadOnlySpan`1 value)
   at System.Boolean.Parse(String value)
   at SimedCredito.Web.Controllers.FormularioClienteController.GuardarFormularioCliente(IFormFile FormFile1, IFormFile FormFile2, IFormFile FormFile3, IFormFile FormFile4, IFormFile FormFile5, IFormFile FormFile6, IFormFile FormFile7, IFormFile FormFile8, IFormFile FormFile9, IFormFile FormFile10, IFormFile FormFile11, IFormFile FormFile12, IFormFile FormFile13) in C:\Users\Usuario\Desktop\SistemaCreditoSimed\SimedCredito\SimedCredito.Web\Controllers\FormularioClienteController.cs:line 597
2021-12-17 11:33:43.394 -05:00 [Warning] String was not recognized as a valid Boolean.
System.FormatException: String was not recognized as a valid Boolean.
   at System.Boolean.Parse(ReadOnlySpan`1 value)
   at System.Boolean.Parse(String value)
   at SimedCredito.Web.Controllers.FormularioClienteController.GuardarFormularioCliente(IFormFile FormFile1, IFormFile FormFile2, IFormFile FormFile3, IFormFile FormFile4, IFormFile FormFile5, IFormFile FormFile6, IFormFile FormFile7, IFormFile FormFile8, IFormFile FormFile9, IFormFile FormFile10, IFormFile FormFile11, IFormFile FormFile12, IFormFile FormFile13) in C:\Users\Usuario\Desktop\SistemaCreditoSimed\SimedCredito\SimedCredito.Web\Controllers\FormularioClienteController.cs:line 597
2021-12-17 11:42:23.808 -05:00 [Warning] String was not recognized as a valid Boolean.
System.FormatException: String was not recognized as a valid Boolean.
   at System.Boolean.Parse(ReadOnlySpan`1 value)
   at System.Boolean.Parse(String value)
   at SimedCredito.Web.Controllers.FormularioClienteController.GuardarFormularioCliente(IFormFile FormFile1, IFormFile FormFile2, IFormFile FormFile3, IFormFile FormFile4, IFormFile FormFile5, IFormFile FormFile6, IFormFile FormFile7, IFormFile FormFile8, IFormFile FormFile9, IFormFile FormFile10, IFormFile FormFile11, IFormFile FormFile12, IFormFile FormFile13) in C:\Users\Usuario\Desktop\SistemaCreditoSimed\SimedCredito\SimedCredito.Web\Controllers\FormularioClienteController.cs:line 562
2021-12-17 11:49:38.141 -05:00 [Warning] The remote server returned an error: (500) Internal Server Error.
System.Net.WebException: The remote server returned an error: (500) Internal Server Error.
   at System.Net.HttpWebRequest.GetResponse()
   at Simed.Utilities.Rest.RestClient.Post(String Url, String Json, String Authorization) in C:\Users\Usuario\Desktop\SistemaCreditoSimed\SimedCredito\Simed.Utilities\Rest\RestClient.cs:line 51
   at Simed.Utilities.Rest.RestClient.ProcessPostRequest(String Url, Object Request, String Authorization) in C:\Users\Usuario\Desktop\SistemaCreditoSimed\SimedCredito\Simed.Utilities\Rest\RestClient.cs:line 59
   at SimedCredito.Web.Controllers.FormularioClienteController.GuardarFormularioCliente(IFormFile FormFile1, IFormFile FormFile2, IFormFile FormFile3, IFormFile FormFile4, IFormFile FormFile5, IFormFile FormFile6, IFormFile FormFile7, IFormFile FormFile8, IFormFile FormFile9, IFormFile FormFile10, IFormFile FormFile11, IFormFile FormFile12, IFormFile FormFile13) in C:\Users\Usuario\Desktop\SistemaCreditoSimed\SimedCredito\SimedCredito.Web\Controllers\FormularioClienteController.cs:line 667
2021-12-17 11:55:54.655 -05:00 [Warning] The operation has timed out.
System.Net.WebException: The operation has timed out.
   at System.Net.HttpWebRequest.GetResponse()
   at Simed.Utilities.Rest.RestClient.Post(String Url, String Json, String Authorization) in C:\Users\Usuario\Desktop\SistemaCreditoSimed\SimedCredito\Simed.Utilities\Rest\RestClient.cs:line 51
   at Simed.Utilities.Rest.RestClient.ProcessPostRequest(String Url, Object Request, String Authorization) in C:\Users\Usuario\Desktop\SistemaCreditoSimed\SimedCredito\Simed.Utilities\Rest\RestClient.cs:line 59
   at SimedCredito.Web.Controllers.FormularioClienteController.GuardarFormularioCliente(IFormFile FormFile1, IFormFile FormFile2, IFormFile FormFile3, IFormFile FormFile4, IFormFile FormFile5, IFormFile FormFile6, IFormFile FormFile7, IFormFile FormFile8, IFormFile FormFile9, IFormFile FormFile10, IFormFile FormFile11, IFormFile FormFile12, IFormFile FormFile13) in C:\Users\Usuario\Desktop\SistemaCreditoSimed\SimedCredito\SimedCredito.Web\Controllers\FormularioClienteController.cs:line 667
2021-12-17 12:09:59.536 -05:00 [Warning] The remote server returned an error: (500) Internal Server Error.
System.Net.WebException: The remote server returned an error: (500) Internal Server Error.
   at System.Net.HttpWebRequest.GetResponse()
   at Simed.Utilities.Rest.RestClient.Post(String Url, String Json, String Authorization) in C:\Users\Usuario\Desktop\SistemaCreditoSimed\SimedCredito\Simed.Utilities\Rest\RestClient.cs:line 51
   at Simed.Utilities.Rest.RestClient.ProcessPostRequest(String Url, Object Request, String Authorization) in C:\Users\Usuario\Desktop\SistemaCreditoSimed\SimedCredito\Simed.Utilities\Rest\RestClient.cs:line 59
   at SimedCredito.Web.Controllers.FormularioClienteController.GuardarFormularioCliente(IFormFile FormFile1, IFormFile FormFile2, IFormFile FormFile3, IFormFile FormFile4, IFormFile FormFile5, IFormFile FormFile6, IFormFile FormFile7, IFormFile FormFile8, IFormFile FormFile9, IFormFile FormFile10, IFormFile FormFile11, IFormFile FormFile12, IFormFile FormFile13) in C:\Users\Usuario\Desktop\SistemaCreditoSimed\SimedCredito\SimedCredito.Web\Controllers\FormularioClienteController.cs:line 667
2021-12-17 12:18:08.956 -05:00 [Warning] The operation has timed out.
System.Net.WebException: The operation has timed out.
   at System.Net.HttpWebRequest.GetResponse()
   at Simed.Utilities.Rest.RestClient.Post(String Url, String Json, String Authorization) in C:\Users\Usuario\Desktop\SistemaCreditoSimed\SimedCredito\Simed.Utilities\Rest\RestClient.cs:line 51
   at Simed.Utilities.Rest.RestClient.ProcessPostRequest(String Url, Object Request, String Authorization) in C:\Users\Usuario\Desktop\SistemaCreditoSimed\SimedCredito\Simed.Utilities\Rest\RestClient.cs:line 59
   at SimedCredito.Web.Controllers.FormularioClienteController.GuardarFormularioCliente(IFormFile FormFile1, IFormFile FormFile2, IFormFile FormFile3, IFormFile FormFile4, IFormFile FormFile5, IFormFile FormFile6, IFormFile FormFile7, IFormFile FormFile8, IFormFile FormFile9, IFormFile FormFile10, IFormFile FormFile11, IFormFile FormFile12, IFormFile FormFile13)
2021-12-17 12:19:59.254 -05:00 [Warning] The remote server returned an error: (500) Internal Server Error.
System.Net.WebException: The remote server returned an error: (500) Internal Server Error.
   at System.Net.HttpWebRequest.GetResponse()
   at Simed.Utilities.Rest.RestClient.Post(String Url, String Json, String Authorization) in C:\Users\Usuario\Desktop\SistemaCreditoSimed\SimedCredito\Simed.Utilities\Rest\RestClient.cs:line 51
   at Simed.Utilities.Rest.RestClient.ProcessPostRequest(String Url, Object Request, String Authorization) in C:\Users\Usuario\Desktop\SistemaCreditoSimed\SimedCredito\Simed.Utilities\Rest\RestClient.cs:line 59
   at SimedCredito.Web.Controllers.FormularioClienteController.GuardarFormularioCliente(IFormFile FormFile1, IFormFile FormFile2, IFormFile FormFile3, IFormFile FormFile4, IFormFile FormFile5, IFormFile FormFile6, IFormFile FormFile7, IFormFile FormFile8, IFormFile FormFile9, IFormFile FormFile10, IFormFile FormFile11, IFormFile FormFile12, IFormFile FormFile13)
2021-12-17 12:23:08.174 -05:00 [Warning] The operation has timed out.
System.Net.WebException: The operation has timed out.
   at System.Net.HttpWebRequest.GetResponse()
   at Simed.Utilities.Rest.RestClient.Post(String Url, String Json, String Authorization) in C:\Users\Usuario\Desktop\SistemaCreditoSimed\SimedCredito\Simed.Utilities\Rest\RestClient.cs:line 51
   at Simed.Utilities.Rest.RestClient.ProcessPostRequest(String Url, Object Request, String Authorization) in C:\Users\Usuario\Desktop\SistemaCreditoSimed\SimedCredito\Simed.Utilities\Rest\RestClient.cs:line 59
   at SimedCredito.Web.Controllers.FormularioClienteController.GuardarFormularioCliente(IFormFile FormFile1, IFormFile FormFile2, IFormFile FormFile3, IFormFile FormFile4, IFormFile FormFile5, IFormFile FormFile6, IFormFile FormFile7, IFormFile FormFile8, IFormFile FormFile9, IFormFile FormFile10, IFormFile FormFile11, IFormFile FormFile12, IFormFile FormFile13)
2021-12-17 12:47:24.505 -05:00 [Warning] The operation has timed out.
System.Net.WebException: The operation has timed out.
   at System.Net.HttpWebRequest.GetResponse()
   at Simed.Utilities.Rest.RestClient.Post(String Url, String Json, String Authorization) in C:\Users\Usuario\Desktop\SistemaCreditoSimed\SimedCredito\Simed.Utilities\Rest\RestClient.cs:line 51
   at Simed.Utilities.Rest.RestClient.ProcessPostRequest(String Url, Object Request, String Authorization) in C:\Users\Usuario\Desktop\SistemaCreditoSimed\SimedCredito\Simed.Utilities\Rest\RestClient.cs:line 59
   at SimedCredito.Web.Controllers.FormularioClienteController.GuardarFormularioCliente(IFormFile FormFile1, IFormFile FormFile2, IFormFile FormFile3, IFormFile FormFile4, IFormFile FormFile5, IFormFile FormFile6, IFormFile FormFile7, IFormFile FormFile8, IFormFile FormFile9, IFormFile FormFile10, IFormFile FormFile11, IFormFile FormFile12, IFormFile FormFile13)
2021-12-17 12:52:29.856 -05:00 [Warning] The operation has timed out.
System.Net.WebException: The operation has timed out.
   at System.Net.HttpWebRequest.GetResponse()
   at Simed.Utilities.Rest.RestClient.Post(String Url, String Json, String Authorization) in C:\Users\Usuario\Desktop\SistemaCreditoSimed\SimedCredito\Simed.Utilities\Rest\RestClient.cs:line 51
   at Simed.Utilities.Rest.RestClient.ProcessPostRequest(String Url, Object Request, String Authorization) in C:\Users\Usuario\Desktop\SistemaCreditoSimed\SimedCredito\Simed.Utilities\Rest\RestClient.cs:line 59
   at SimedCredito.Web.Controllers.FormularioClienteController.GuardarFormularioCliente(IFormFile FormFile1, IFormFile FormFile2, IFormFile FormFile3, IFormFile FormFile4, IFormFile FormFile5, IFormFile FormFile6, IFormFile FormFile7, IFormFile FormFile8, IFormFile FormFile9, IFormFile FormFile10, IFormFile FormFile11, IFormFile FormFile12, IFormFile FormFile13)
2021-12-17 13:07:12.650 -05:00 [Warning] Input string was not in a correct format.
System.FormatException: Input string was not in a correct format.
   at System.Number.StringToNumber(ReadOnlySpan`1 str, NumberStyles options, NumberBuffer& number, NumberFormatInfo info, Boolean parseDecimal)
   at System.Number.ParseInt32(ReadOnlySpan`1 s, NumberStyles style, NumberFormatInfo info)
   at System.Convert.ToInt32(String value)
   at SimedCredito.Web.Controllers.FormularioClienteController.GuardarFormularioCliente(IFormFile FormFile1, IFormFile FormFile2, IFormFile FormFile3, IFormFile FormFile4, IFormFile FormFile5, IFormFile FormFile6, IFormFile FormFile7, IFormFile FormFile8, IFormFile FormFile9, IFormFile FormFile10, IFormFile FormFile11, IFormFile FormFile12, IFormFile FormFile13) in C:\Users\Usuario\Desktop\SistemaCreditoSimed\SimedCredito\SimedCredito.Web\Controllers\FormularioClienteController.cs:line 635
2021-12-17 13:07:49.820 -05:00 [Warning] Input string was not in a correct format.
System.FormatException: Input string was not in a correct format.
   at System.Number.StringToNumber(ReadOnlySpan`1 str, NumberStyles options, NumberBuffer& number, NumberFormatInfo info, Boolean parseDecimal)
   at System.Number.ParseInt32(ReadOnlySpan`1 s, NumberStyles style, NumberFormatInfo info)
   at System.Convert.ToInt32(String value)
   at SimedCredito.Web.Controllers.FormularioClienteController.GuardarFormularioCliente(IFormFile FormFile1, IFormFile FormFile2, IFormFile FormFile3, IFormFile FormFile4, IFormFile FormFile5, IFormFile FormFile6, IFormFile FormFile7, IFormFile FormFile8, IFormFile FormFile9, IFormFile FormFile10, IFormFile FormFile11, IFormFile FormFile12, IFormFile FormFile13) in C:\Users\Usuario\Desktop\SistemaCreditoSimed\SimedCredito\SimedCredito.Web\Controllers\FormularioClienteController.cs:line 635
2021-12-17 13:10:47.604 -05:00 [Warning] Input string was not in a correct format.
System.FormatException: Input string was not in a correct format.
   at System.Number.StringToNumber(ReadOnlySpan`1 str, NumberStyles options, NumberBuffer& number, NumberFormatInfo info, Boolean parseDecimal)
   at System.Number.ParseInt32(ReadOnlySpan`1 s, NumberStyles style, NumberFormatInfo info)
   at System.Convert.ToInt32(String value)
   at SimedCredito.Web.Controllers.FormularioClienteController.GuardarFormularioCliente(IFormFile FormFile1, IFormFile FormFile2, IFormFile FormFile3, IFormFile FormFile4, IFormFile FormFile5, IFormFile FormFile6, IFormFile FormFile7, IFormFile FormFile8, IFormFile FormFile9, IFormFile FormFile10, IFormFile FormFile11, IFormFile FormFile12, IFormFile FormFile13) in C:\Users\Usuario\Desktop\SistemaCreditoSimed\SimedCredito\SimedCredito.Web\Controllers\FormularioClienteController.cs:line 635
2021-12-17 13:11:42.460 -05:00 [Warning] Input string was not in a correct format.
System.FormatException: Input string was not in a correct format.
   at System.Number.StringToNumber(ReadOnlySpan`1 str, NumberStyles options, NumberBuffer& number, NumberFormatInfo info, Boolean parseDecimal)
   at System.Number.ParseInt32(ReadOnlySpan`1 s, NumberStyles style, NumberFormatInfo info)
   at System.Convert.ToInt32(String value)
   at SimedCredito.Web.Controllers.FormularioClienteController.GuardarFormularioCliente(IFormFile FormFile1, IFormFile FormFile2, IFormFile FormFile3, IFormFile FormFile4, IFormFile FormFile5, IFormFile FormFile6, IFormFile FormFile7, IFormFile FormFile8, IFormFile FormFile9, IFormFile FormFile10, IFormFile FormFile11, IFormFile FormFile12, IFormFile FormFile13) in C:\Users\Usuario\Desktop\SistemaCreditoSimed\SimedCredito\SimedCredito.Web\Controllers\FormularioClienteController.cs:line 635
2021-12-17 13:12:48.988 -05:00 [Warning] Input string was not in a correct format.
System.FormatException: Input string was not in a correct format.
   at System.Number.StringToNumber(ReadOnlySpan`1 str, NumberStyles options, NumberBuffer& number, NumberFormatInfo info, Boolean parseDecimal)
   at System.Number.ParseInt32(ReadOnlySpan`1 s, NumberStyles style, NumberFormatInfo info)
   at System.Convert.ToInt32(String value)
   at SimedCredito.Web.Controllers.FormularioClienteController.GuardarFormularioCliente(IFormFile FormFile1, IFormFile FormFile2, IFormFile FormFile3, IFormFile FormFile4, IFormFile FormFile5, IFormFile FormFile6, IFormFile FormFile7, IFormFile FormFile8, IFormFile FormFile9, IFormFile FormFile10, IFormFile FormFile11, IFormFile FormFile12, IFormFile FormFile13) in C:\Users\Usuario\Desktop\SistemaCreditoSimed\SimedCredito\SimedCredito.Web\Controllers\FormularioClienteController.cs:line 635
2021-12-17 13:20:34.327 -05:00 [Warning] The remote server returned an error: (500) Internal Server Error.
System.Net.WebException: The remote server returned an error: (500) Internal Server Error.
   at System.Net.HttpWebRequest.GetResponse()
   at Simed.Utilities.Rest.RestClient.Post(String Url, String Json, String Authorization) in C:\Users\Usuario\Desktop\SistemaCreditoSimed\SimedCredito\Simed.Utilities\Rest\RestClient.cs:line 51
   at Simed.Utilities.Rest.RestClient.ProcessPostRequest(String Url, Object Request, String Authorization) in C:\Users\Usuario\Desktop\SistemaCreditoSimed\SimedCredito\Simed.Utilities\Rest\RestClient.cs:line 59
   at SimedCredito.Web.Controllers.FormularioClienteController.GuardarFormularioCliente(IFormFile FormFile1, IFormFile FormFile2, IFormFile FormFile3, IFormFile FormFile4, IFormFile FormFile5, IFormFile FormFile6, IFormFile FormFile7, IFormFile FormFile8, IFormFile FormFile9, IFormFile FormFile10, IFormFile FormFile11, IFormFile FormFile12, IFormFile FormFile13) in C:\Users\Usuario\Desktop\SistemaCreditoSimed\SimedCredito\SimedCredito.Web\Controllers\FormularioClienteController.cs:line 673
2021-12-17 13:23:38.543 -05:00 [Warning] The operation has timed out.
System.Net.WebException: The operation has timed out.
   at System.Net.HttpWebRequest.GetResponse()
   at Simed.Utilities.Rest.RestClient.Post(String Url, String Json, String Authorization) in C:\Users\Usuario\Desktop\SistemaCreditoSimed\SimedCredito\Simed.Utilities\Rest\RestClient.cs:line 51
   at Simed.Utilities.Rest.RestClient.ProcessPostRequest(String Url, Object Request, String Authorization) in C:\Users\Usuario\Desktop\SistemaCreditoSimed\SimedCredito\Simed.Utilities\Rest\RestClient.cs:line 59
   at SimedCredito.Web.Controllers.FormularioClienteController.GuardarFormularioCliente(IFormFile FormFile1, IFormFile FormFile2, IFormFile FormFile3, IFormFile FormFile4, IFormFile FormFile5, IFormFile FormFile6, IFormFile FormFile7, IFormFile FormFile8, IFormFile FormFile9, IFormFile FormFile10, IFormFile FormFile11, IFormFile FormFile12, IFormFile FormFile13) in C:\Users\Usuario\Desktop\SistemaCreditoSimed\SimedCredito\SimedCredito.Web\Controllers\FormularioClienteController.cs:line 673
2021-12-17 20:59:59.413 -05:00 [Warning] Could not find a part of the path 'C:\Users\usuario\source\repos\.NET\SistemaCreditoSimed\SimedCredito.Web\wwwroot\files\009a1f14-a7a8-4e5b-817d-2ce9a9a101af_333333333333_20211217_205959.pdf'.
System.IO.DirectoryNotFoundException: Could not find a part of the path 'C:\Users\usuario\source\repos\.NET\SistemaCreditoSimed\SimedCredito.Web\wwwroot\files\009a1f14-a7a8-4e5b-817d-2ce9a9a101af_333333333333_20211217_205959.pdf'.
   at System.IO.FileStream.ValidateFileHandle(SafeFileHandle fileHandle)
   at System.IO.FileStream.CreateFileOpenHandle(FileMode mode, FileShare share, FileOptions options)
   at System.IO.FileStream..ctor(String path, FileMode mode, FileAccess access, FileShare share, Int32 bufferSize, FileOptions options)
   at System.IO.FileStream..ctor(String path, FileMode mode)
   at SimedCredito.Web.Controllers.FormularioClienteController.GuardarFormularioCliente(IFormFile FormFile1, IFormFile FormFile2, IFormFile FormFile3, IFormFile FormFile4, IFormFile FormFile5, IFormFile FormFile6, IFormFile FormFile7, IFormFile FormFile8, IFormFile FormFile9, IFormFile FormFile10, IFormFile FormFile11, IFormFile FormFile12, IFormFile FormFile13) in C:\Users\usuario\source\repos\.NET\SistemaCreditoSimed\SimedCredito.Web\Controllers\FormularioClienteController.cs:line 307
2021-12-17 21:01:18.005 -05:00 [Warning] Could not find a part of the path 'C:\Users\usuario\source\repos\.NET\SistemaCreditoSimed\SimedCredito.Web\wwwroot\files\19be02f6-5b58-4cce-b1f1-9563f62faac3_333333333333_20211217_210117.pdf'.
System.IO.DirectoryNotFoundException: Could not find a part of the path 'C:\Users\usuario\source\repos\.NET\SistemaCreditoSimed\SimedCredito.Web\wwwroot\files\19be02f6-5b58-4cce-b1f1-9563f62faac3_333333333333_20211217_210117.pdf'.
   at System.IO.FileStream.ValidateFileHandle(SafeFileHandle fileHandle)
   at System.IO.FileStream.CreateFileOpenHandle(FileMode mode, FileShare share, FileOptions options)
   at System.IO.FileStream..ctor(String path, FileMode mode, FileAccess access, FileShare share, Int32 bufferSize, FileOptions options)
   at System.IO.FileStream..ctor(String path, FileMode mode)
   at SimedCredito.Web.Controllers.FormularioClienteController.GuardarFormularioCliente(IFormFile FormFile1, IFormFile FormFile2, IFormFile FormFile3, IFormFile FormFile4, IFormFile FormFile5, IFormFile FormFile6, IFormFile FormFile7, IFormFile FormFile8, IFormFile FormFile9, IFormFile FormFile10, IFormFile FormFile11, IFormFile FormFile12, IFormFile FormFile13) in C:\Users\usuario\source\repos\.NET\SistemaCreditoSimed\SimedCredito.Web\Controllers\FormularioClienteController.cs:line 307
2021-12-17 21:02:04.669 -05:00 [Warning] Could not find a part of the path 'C:\Users\usuario\source\repos\.NET\SistemaCreditoSimed\SimedCredito.Web\wwwroot\files\ba1e5f2c-b20d-4065-82a0-601dd318d8b9_333333333333_20211217_210131.pdf'.
System.IO.DirectoryNotFoundException: Could not find a part of the path 'C:\Users\usuario\source\repos\.NET\SistemaCreditoSimed\SimedCredito.Web\wwwroot\files\ba1e5f2c-b20d-4065-82a0-601dd318d8b9_333333333333_20211217_210131.pdf'.
   at System.IO.FileStream.ValidateFileHandle(SafeFileHandle fileHandle)
   at System.IO.FileStream.CreateFileOpenHandle(FileMode mode, FileShare share, FileOptions options)
   at System.IO.FileStream..ctor(String path, FileMode mode, FileAccess access, FileShare share, Int32 bufferSize, FileOptions options)
   at System.IO.FileStream..ctor(String path, FileMode mode)
   at SimedCredito.Web.Controllers.FormularioClienteController.GuardarFormularioCliente(IFormFile FormFile1, IFormFile FormFile2, IFormFile FormFile3, IFormFile FormFile4, IFormFile FormFile5, IFormFile FormFile6, IFormFile FormFile7, IFormFile FormFile8, IFormFile FormFile9, IFormFile FormFile10, IFormFile FormFile11, IFormFile FormFile12, IFormFile FormFile13) in C:\Users\usuario\source\repos\.NET\SistemaCreditoSimed\SimedCredito.Web\Controllers\FormularioClienteController.cs:line 307
