2021-12-09 20:03:20.096 -05:00 [Warning] Index was out of range. Must be non-negative and less than the size of the collection.
Parameter name: index
System.ArgumentOutOfRangeException: Index was out of range. Must be non-negative and less than the size of the collection.
Parameter name: index
   at System.Collections.Generic.List`1.get_Item(Int32 index)
   at SimedCredito.Web.Controllers.FormularioClienteController.GuardarFormularioCliente(IEnumerable`1 FormFile) in C:\Users\Usuario\Desktop\SistemaCreditoSimed\SimedCredito\SimedCredito.Web\Controllers\FormularioClienteController.cs:line 164
2021-12-09 20:10:08.204 -05:00 [Warning] Index was out of range. Must be non-negative and less than the size of the collection.
Parameter name: index
System.ArgumentOutOfRangeException: Index was out of range. Must be non-negative and less than the size of the collection.
Parameter name: index
   at System.Collections.Generic.List`1.get_Item(Int32 index)
   at SimedCredito.Web.Controllers.FormularioClienteController.GuardarFormularioCliente(IEnumerable`1 FormFile) in C:\Users\Usuario\Desktop\SistemaCreditoSimed\SimedCredito\SimedCredito.Web\Controllers\FormularioClienteController.cs:line 164
2021-12-09 20:10:32.695 -05:00 [Warning] Index was out of range. Must be non-negative and less than the size of the collection.
Parameter name: index
System.ArgumentOutOfRangeException: Index was out of range. Must be non-negative and less than the size of the collection.
Parameter name: index
   at System.Collections.Generic.List`1.get_Item(Int32 index)
   at SimedCredito.Web.Controllers.FormularioClienteController.GuardarFormularioCliente(IEnumerable`1 FormFile) in C:\Users\Usuario\Desktop\SistemaCreditoSimed\SimedCredito\SimedCredito.Web\Controllers\FormularioClienteController.cs:line 164
2021-12-09 20:19:23.844 -05:00 [Warning] Index was out of range. Must be non-negative and less than the size of the collection.
Parameter name: index
System.ArgumentOutOfRangeException: Index was out of range. Must be non-negative and less than the size of the collection.
Parameter name: index
   at System.Collections.Generic.List`1.get_Item(Int32 index)
   at SimedCredito.Web.Controllers.FormularioClienteController.GuardarFormularioCliente(IEnumerable`1 FormFile)
2021-12-09 20:19:59.172 -05:00 [Warning] Index was out of range. Must be non-negative and less than the size of the collection.
Parameter name: index
System.ArgumentOutOfRangeException: Index was out of range. Must be non-negative and less than the size of the collection.
Parameter name: index
   at System.Collections.Generic.List`1.get_Item(Int32 index)
   at SimedCredito.Web.Controllers.FormularioClienteController.GuardarFormularioCliente(IEnumerable`1 FormFile)
2021-12-09 20:53:54.451 -05:00 [Warning] Index was out of range. Must be non-negative and less than the size of the collection.
Parameter name: index
System.ArgumentOutOfRangeException: Index was out of range. Must be non-negative and less than the size of the collection.
Parameter name: index
   at System.Collections.Generic.List`1.get_Item(Int32 index)
   at SimedCredito.Web.Controllers.FormularioClienteController.GuardarFormularioCliente(IEnumerable`1 FormFile) in C:\Users\Usuario\Desktop\SistemaCreditoSimed\SimedCredito\SimedCredito.Web\Controllers\FormularioClienteController.cs:line 162
2021-12-09 20:54:11.747 -05:00 [Warning] Index was out of range. Must be non-negative and less than the size of the collection.
Parameter name: index
System.ArgumentOutOfRangeException: Index was out of range. Must be non-negative and less than the size of the collection.
Parameter name: index
   at System.Collections.Generic.List`1.get_Item(Int32 index)
   at SimedCredito.Web.Controllers.FormularioClienteController.GuardarFormularioCliente(IEnumerable`1 FormFile) in C:\Users\Usuario\Desktop\SistemaCreditoSimed\SimedCredito\SimedCredito.Web\Controllers\FormularioClienteController.cs:line 162
2021-12-09 21:00:28.138 -05:00 [Warning] Index was out of range. Must be non-negative and less than the size of the collection.
Parameter name: index
System.ArgumentOutOfRangeException: Index was out of range. Must be non-negative and less than the size of the collection.
Parameter name: index
   at System.Collections.Generic.List`1.get_Item(Int32 index)
   at SimedCredito.Web.Controllers.FormularioClienteController.GuardarFormularioCliente(IEnumerable`1 FormFile) in C:\Users\Usuario\Desktop\SistemaCreditoSimed\SimedCredito\SimedCredito.Web\Controllers\FormularioClienteController.cs:line 162
2021-12-09 22:05:04.569 -05:00 [Warning] Index was out of range. Must be non-negative and less than the size of the collection.
Parameter name: index
System.ArgumentOutOfRangeException: Index was out of range. Must be non-negative and less than the size of the collection.
Parameter name: index
   at System.Collections.Generic.List`1.get_Item(Int32 index)
   at SimedCredito.Web.Controllers.FormularioClienteController.GuardarFormularioCliente(IEnumerable`1 FormFile) in C:\Users\Usuario\Desktop\SistemaCreditoSimed\SimedCredito\SimedCredito.Web\Controllers\FormularioClienteController.cs:line 159
