2021-12-20 10:22:53.417 -05:00 [Warning] Ingreso
2021-12-20 10:45:48.332 -05:00 [Warning] Ingreso
2021-12-20 20:29:42.650 -05:00 [Warning] Ingreso
2021-12-20 21:01:51.276 -05:00 [Warning] Ingreso
2021-12-20 23:23:29.958 -05:00 [Warning] Unable to cast object of type 'System.Int32' to type 'System.String'.
2021-12-20 23:23:29.999 -05:00 [Error] Unable to cast object of type 'System.Int32' to type 'System.String'.
2021-12-20 23:23:32.569 -05:00 [Error] An unhandled exception has occurred while executing the request.
System.InvalidCastException: Unable to cast object of type 'System.Int32' to type 'System.String'.
   at SimedCredito.Controllers.FormularioClienteController.DataByCode(String Code) in C:\Users\Usuario\Desktop\SistemaCreditoSimed\SimedCredito\SimedCredito\Controllers\FormularioClienteController.cs:line 69
   at lambda_method(Closure , Object , Object[] )
   at Microsoft.Extensions.Internal.ObjectMethodExecutor.Execute(Object target, Object[] parameters)
   at Microsoft.AspNetCore.Mvc.Internal.ActionMethodExecutor.SyncActionResultExecutor.Execute(IActionResultTypeMapper mapper, ObjectMethodExecutor executor, Object controller, Object[] arguments)
   at Microsoft.AspNetCore.Mvc.Internal.ControllerActionInvoker.InvokeActionMethodAsync()
   at Microsoft.AspNetCore.Mvc.Internal.ControllerActionInvoker.InvokeNextActionFilterAsync()
   at Microsoft.AspNetCore.Mvc.Internal.ControllerActionInvoker.Rethrow(ActionExecutedContext context)
   at Microsoft.AspNetCore.Mvc.Internal.ControllerActionInvoker.Next(State& next, Scope& scope, Object& state, Boolean& isCompleted)
   at Microsoft.AspNetCore.Mvc.Internal.ControllerActionInvoker.InvokeInnerFilterAsync()
   at Microsoft.AspNetCore.Mvc.Internal.ResourceInvoker.InvokeNextResourceFilter()
   at Microsoft.AspNetCore.Mvc.Internal.ResourceInvoker.Rethrow(ResourceExecutedContext context)
   at Microsoft.AspNetCore.Mvc.Internal.ResourceInvoker.Next(State& next, Scope& scope, Object& state, Boolean& isCompleted)
   at Microsoft.AspNetCore.Mvc.Internal.ResourceInvoker.InvokeFilterPipelineAsync()
   at Microsoft.AspNetCore.Mvc.Internal.ResourceInvoker.InvokeAsync()
   at Microsoft.AspNetCore.Builder.RouterMiddleware.Invoke(HttpContext httpContext)
   at Microsoft.AspNetCore.StaticFiles.StaticFileMiddleware.Invoke(HttpContext context)
   at Microsoft.AspNetCore.Diagnostics.DeveloperExceptionPageMiddleware.Invoke(HttpContext context)
2021-12-20 23:26:54.899 -05:00 [Warning] Unable to cast object of type 'System.Boolean' to type 'System.String'.
2021-12-20 23:26:54.927 -05:00 [Error] Unable to cast object of type 'System.Boolean' to type 'System.String'.
2021-12-20 23:27:00.156 -05:00 [Error] An unhandled exception has occurred while executing the request.
System.InvalidCastException: Unable to cast object of type 'System.Boolean' to type 'System.String'.
   at SimedCredito.Controllers.FormularioClienteController.DataByCode(String Code) in C:\Users\Usuario\Desktop\SistemaCreditoSimed\SimedCredito\SimedCredito\Controllers\FormularioClienteController.cs:line 69
   at lambda_method(Closure , Object , Object[] )
   at Microsoft.Extensions.Internal.ObjectMethodExecutor.Execute(Object target, Object[] parameters)
   at Microsoft.AspNetCore.Mvc.Internal.ActionMethodExecutor.SyncActionResultExecutor.Execute(IActionResultTypeMapper mapper, ObjectMethodExecutor executor, Object controller, Object[] arguments)
   at Microsoft.AspNetCore.Mvc.Internal.ControllerActionInvoker.InvokeActionMethodAsync()
   at Microsoft.AspNetCore.Mvc.Internal.ControllerActionInvoker.InvokeNextActionFilterAsync()
   at Microsoft.AspNetCore.Mvc.Internal.ControllerActionInvoker.Rethrow(ActionExecutedContext context)
   at Microsoft.AspNetCore.Mvc.Internal.ControllerActionInvoker.Next(State& next, Scope& scope, Object& state, Boolean& isCompleted)
   at Microsoft.AspNetCore.Mvc.Internal.ControllerActionInvoker.InvokeInnerFilterAsync()
   at Microsoft.AspNetCore.Mvc.Internal.ResourceInvoker.InvokeNextResourceFilter()
   at Microsoft.AspNetCore.Mvc.Internal.ResourceInvoker.Rethrow(ResourceExecutedContext context)
   at Microsoft.AspNetCore.Mvc.Internal.ResourceInvoker.Next(State& next, Scope& scope, Object& state, Boolean& isCompleted)
   at Microsoft.AspNetCore.Mvc.Internal.ResourceInvoker.InvokeFilterPipelineAsync()
   at Microsoft.AspNetCore.Mvc.Internal.ResourceInvoker.InvokeAsync()
   at Microsoft.AspNetCore.Builder.RouterMiddleware.Invoke(HttpContext httpContext)
   at Microsoft.AspNetCore.StaticFiles.StaticFileMiddleware.Invoke(HttpContext context)
   at Microsoft.AspNetCore.Diagnostics.DeveloperExceptionPageMiddleware.Invoke(HttpContext context)
2021-12-20 23:27:12.178 -05:00 [Warning] Unable to cast object of type 'System.Boolean' to type 'System.String'.
2021-12-20 23:27:12.180 -05:00 [Error] Unable to cast object of type 'System.Boolean' to type 'System.String'.
2021-12-20 23:27:14.088 -05:00 [Error] An unhandled exception has occurred while executing the request.
System.InvalidCastException: Unable to cast object of type 'System.Boolean' to type 'System.String'.
   at SimedCredito.Controllers.FormularioClienteController.DataByCode(String Code) in C:\Users\Usuario\Desktop\SistemaCreditoSimed\SimedCredito\SimedCredito\Controllers\FormularioClienteController.cs:line 69
   at lambda_method(Closure , Object , Object[] )
   at Microsoft.Extensions.Internal.ObjectMethodExecutor.Execute(Object target, Object[] parameters)
   at Microsoft.AspNetCore.Mvc.Internal.ActionMethodExecutor.SyncActionResultExecutor.Execute(IActionResultTypeMapper mapper, ObjectMethodExecutor executor, Object controller, Object[] arguments)
   at Microsoft.AspNetCore.Mvc.Internal.ControllerActionInvoker.InvokeActionMethodAsync()
   at Microsoft.AspNetCore.Mvc.Internal.ControllerActionInvoker.InvokeNextActionFilterAsync()
   at Microsoft.AspNetCore.Mvc.Internal.ControllerActionInvoker.Rethrow(ActionExecutedContext context)
   at Microsoft.AspNetCore.Mvc.Internal.ControllerActionInvoker.Next(State& next, Scope& scope, Object& state, Boolean& isCompleted)
   at Microsoft.AspNetCore.Mvc.Internal.ControllerActionInvoker.InvokeInnerFilterAsync()
   at Microsoft.AspNetCore.Mvc.Internal.ResourceInvoker.InvokeNextResourceFilter()
   at Microsoft.AspNetCore.Mvc.Internal.ResourceInvoker.Rethrow(ResourceExecutedContext context)
   at Microsoft.AspNetCore.Mvc.Internal.ResourceInvoker.Next(State& next, Scope& scope, Object& state, Boolean& isCompleted)
   at Microsoft.AspNetCore.Mvc.Internal.ResourceInvoker.InvokeFilterPipelineAsync()
   at Microsoft.AspNetCore.Mvc.Internal.ResourceInvoker.InvokeAsync()
   at Microsoft.AspNetCore.Builder.RouterMiddleware.Invoke(HttpContext httpContext)
   at Microsoft.AspNetCore.StaticFiles.StaticFileMiddleware.Invoke(HttpContext context)
   at Microsoft.AspNetCore.Diagnostics.DeveloperExceptionPageMiddleware.Invoke(HttpContext context)
2021-12-20 23:39:24.455 -05:00 [Warning] Ingreso
2021-12-20 23:39:39.842 -05:00 [Warning] Ingreso
2021-12-20 23:52:19.865 -05:00 [Warning] Ingreso
2021-12-20 23:56:50.246 -05:00 [Warning] Ingreso
