2021-12-17 10:34:17.203 -05:00 [Warning] Ingreso
2021-12-17 10:50:54.413 -05:00 [Warning] Ingreso
2021-12-17 10:51:57.321 -05:00 [Warning] Ingreso
2021-12-17 11:01:10.742 -05:00 [Warning] Ingreso
2021-12-17 11:08:06.078 -05:00 [Warning] Ingreso
2021-12-17 11:49:35.739 -05:00 [Error] Object reference not set to an instance of an object.
2021-12-17 11:49:38.071 -05:00 [Error] An unhandled exception has occurred while executing the request.
System.NullReferenceException: Object reference not set to an instance of an object.
   at SimedCredito.Controllers.FormularioClienteController.GuardarClienteFormulario(FormularioRequestCliente request) in C:\Users\Usuario\Desktop\SistemaCreditoSimed\SimedCredito\SimedCredito\Controllers\FormularioClienteController.cs:line 48
   at lambda_method(Closure , Object , Object[] )
   at Microsoft.Extensions.Internal.ObjectMethodExecutor.Execute(Object target, Object[] parameters)
   at Microsoft.AspNetCore.Mvc.Internal.ActionMethodExecutor.SyncActionResultExecutor.Execute(IActionResultTypeMapper mapper, ObjectMethodExecutor executor, Object controller, Object[] arguments)
   at Microsoft.AspNetCore.Mvc.Internal.ControllerActionInvoker.InvokeActionMethodAsync()
   at Microsoft.AspNetCore.Mvc.Internal.ControllerActionInvoker.InvokeNextActionFilterAsync()
   at Microsoft.AspNetCore.Mvc.Internal.ControllerActionInvoker.Rethrow(ActionExecutedContext context)
   at Microsoft.AspNetCore.Mvc.Internal.ControllerActionInvoker.Next(State& next, Scope& scope, Object& state, Boolean& isCompleted)
   at Microsoft.AspNetCore.Mvc.Internal.ControllerActionInvoker.InvokeInnerFilterAsync()
   at Microsoft.AspNetCore.Mvc.Internal.ResourceInvoker.InvokeNextResourceFilter()
   at Microsoft.AspNetCore.Mvc.Internal.ResourceInvoker.Rethrow(ResourceExecutedContext context)
   at Microsoft.AspNetCore.Mvc.Internal.ResourceInvoker.Next(State& next, Scope& scope, Object& state, Boolean& isCompleted)
   at Microsoft.AspNetCore.Mvc.Internal.ResourceInvoker.InvokeFilterPipelineAsync()
   at Microsoft.AspNetCore.Mvc.Internal.ResourceInvoker.InvokeAsync()
   at Microsoft.AspNetCore.Builder.RouterMiddleware.Invoke(HttpContext httpContext)
   at Microsoft.AspNetCore.StaticFiles.StaticFileMiddleware.Invoke(HttpContext context)
   at Microsoft.AspNetCore.Diagnostics.DeveloperExceptionPageMiddleware.Invoke(HttpContext context)
2021-12-17 11:55:55.612 -05:00 [Error] Object reference not set to an instance of an object.
2021-12-17 11:55:56.858 -05:00 [Error] An unhandled exception has occurred while executing the request.
System.NullReferenceException: Object reference not set to an instance of an object.
   at SimedCredito.Controllers.FormularioClienteController.GuardarClienteFormulario(FormularioRequestCliente request) in C:\Users\Usuario\Desktop\SistemaCreditoSimed\SimedCredito\SimedCredito\Controllers\FormularioClienteController.cs:line 48
   at lambda_method(Closure , Object , Object[] )
   at Microsoft.Extensions.Internal.ObjectMethodExecutor.Execute(Object target, Object[] parameters)
   at Microsoft.AspNetCore.Mvc.Internal.ActionMethodExecutor.SyncActionResultExecutor.Execute(IActionResultTypeMapper mapper, ObjectMethodExecutor executor, Object controller, Object[] arguments)
   at Microsoft.AspNetCore.Mvc.Internal.ControllerActionInvoker.InvokeActionMethodAsync()
   at Microsoft.AspNetCore.Mvc.Internal.ControllerActionInvoker.InvokeNextActionFilterAsync()
   at Microsoft.AspNetCore.Mvc.Internal.ControllerActionInvoker.Rethrow(ActionExecutedContext context)
   at Microsoft.AspNetCore.Mvc.Internal.ControllerActionInvoker.Next(State& next, Scope& scope, Object& state, Boolean& isCompleted)
   at Microsoft.AspNetCore.Mvc.Internal.ControllerActionInvoker.InvokeInnerFilterAsync()
   at Microsoft.AspNetCore.Mvc.Internal.ResourceInvoker.InvokeNextResourceFilter()
   at Microsoft.AspNetCore.Mvc.Internal.ResourceInvoker.Rethrow(ResourceExecutedContext context)
   at Microsoft.AspNetCore.Mvc.Internal.ResourceInvoker.Next(State& next, Scope& scope, Object& state, Boolean& isCompleted)
   at Microsoft.AspNetCore.Mvc.Internal.ResourceInvoker.InvokeFilterPipelineAsync()
   at Microsoft.AspNetCore.Mvc.Internal.ResourceInvoker.InvokeAsync()
   at Microsoft.AspNetCore.Builder.RouterMiddleware.Invoke(HttpContext httpContext)
   at Microsoft.AspNetCore.StaticFiles.StaticFileMiddleware.Invoke(HttpContext context)
   at Microsoft.AspNetCore.Diagnostics.DeveloperExceptionPageMiddleware.Invoke(HttpContext context)
2021-12-17 12:09:58.449 -05:00 [Error] Object reference not set to an instance of an object.
2021-12-17 12:09:59.229 -05:00 [Error] An unhandled exception has occurred while executing the request.
System.NullReferenceException: Object reference not set to an instance of an object.
   at SimedCredito.Controllers.FormularioClienteController.GuardarClienteFormulario(FormularioRequestCliente request) in C:\Users\Usuario\Desktop\SistemaCreditoSimed\SimedCredito\SimedCredito\Controllers\FormularioClienteController.cs:line 48
   at lambda_method(Closure , Object , Object[] )
   at Microsoft.Extensions.Internal.ObjectMethodExecutor.Execute(Object target, Object[] parameters)
   at Microsoft.AspNetCore.Mvc.Internal.ActionMethodExecutor.SyncActionResultExecutor.Execute(IActionResultTypeMapper mapper, ObjectMethodExecutor executor, Object controller, Object[] arguments)
   at Microsoft.AspNetCore.Mvc.Internal.ControllerActionInvoker.InvokeActionMethodAsync()
   at Microsoft.AspNetCore.Mvc.Internal.ControllerActionInvoker.InvokeNextActionFilterAsync()
   at Microsoft.AspNetCore.Mvc.Internal.ControllerActionInvoker.Rethrow(ActionExecutedContext context)
   at Microsoft.AspNetCore.Mvc.Internal.ControllerActionInvoker.Next(State& next, Scope& scope, Object& state, Boolean& isCompleted)
   at Microsoft.AspNetCore.Mvc.Internal.ControllerActionInvoker.InvokeInnerFilterAsync()
   at Microsoft.AspNetCore.Mvc.Internal.ResourceInvoker.InvokeNextResourceFilter()
   at Microsoft.AspNetCore.Mvc.Internal.ResourceInvoker.Rethrow(ResourceExecutedContext context)
   at Microsoft.AspNetCore.Mvc.Internal.ResourceInvoker.Next(State& next, Scope& scope, Object& state, Boolean& isCompleted)
   at Microsoft.AspNetCore.Mvc.Internal.ResourceInvoker.InvokeFilterPipelineAsync()
   at Microsoft.AspNetCore.Mvc.Internal.ResourceInvoker.InvokeAsync()
   at Microsoft.AspNetCore.Builder.RouterMiddleware.Invoke(HttpContext httpContext)
   at Microsoft.AspNetCore.StaticFiles.StaticFileMiddleware.Invoke(HttpContext context)
   at Microsoft.AspNetCore.Diagnostics.DeveloperExceptionPageMiddleware.Invoke(HttpContext context)
2021-12-17 12:18:09.604 -05:00 [Error] Object reference not set to an instance of an object.
2021-12-17 12:18:10.396 -05:00 [Error] An unhandled exception has occurred while executing the request.
System.NullReferenceException: Object reference not set to an instance of an object.
   at SimedCredito.Controllers.FormularioClienteController.GuardarClienteFormulario(FormularioRequestCliente request) in C:\Users\Usuario\Desktop\SistemaCreditoSimed\SimedCredito\SimedCredito\Controllers\FormularioClienteController.cs:line 48
   at lambda_method(Closure , Object , Object[] )
   at Microsoft.Extensions.Internal.ObjectMethodExecutor.Execute(Object target, Object[] parameters)
   at Microsoft.AspNetCore.Mvc.Internal.ActionMethodExecutor.SyncActionResultExecutor.Execute(IActionResultTypeMapper mapper, ObjectMethodExecutor executor, Object controller, Object[] arguments)
   at Microsoft.AspNetCore.Mvc.Internal.ControllerActionInvoker.InvokeActionMethodAsync()
   at Microsoft.AspNetCore.Mvc.Internal.ControllerActionInvoker.InvokeNextActionFilterAsync()
   at Microsoft.AspNetCore.Mvc.Internal.ControllerActionInvoker.Rethrow(ActionExecutedContext context)
   at Microsoft.AspNetCore.Mvc.Internal.ControllerActionInvoker.Next(State& next, Scope& scope, Object& state, Boolean& isCompleted)
   at Microsoft.AspNetCore.Mvc.Internal.ControllerActionInvoker.InvokeInnerFilterAsync()
   at Microsoft.AspNetCore.Mvc.Internal.ResourceInvoker.InvokeNextResourceFilter()
   at Microsoft.AspNetCore.Mvc.Internal.ResourceInvoker.Rethrow(ResourceExecutedContext context)
   at Microsoft.AspNetCore.Mvc.Internal.ResourceInvoker.Next(State& next, Scope& scope, Object& state, Boolean& isCompleted)
   at Microsoft.AspNetCore.Mvc.Internal.ResourceInvoker.InvokeFilterPipelineAsync()
   at Microsoft.AspNetCore.Mvc.Internal.ResourceInvoker.InvokeAsync()
   at Microsoft.AspNetCore.Builder.RouterMiddleware.Invoke(HttpContext httpContext)
   at Microsoft.AspNetCore.StaticFiles.StaticFileMiddleware.Invoke(HttpContext context)
   at Microsoft.AspNetCore.Diagnostics.DeveloperExceptionPageMiddleware.Invoke(HttpContext context)
2021-12-17 12:19:53.016 -05:00 [Error] Failed to convert parameter value from a Guid to a String.
2021-12-17 12:19:59.208 -05:00 [Error] An unhandled exception has occurred while executing the request.
System.InvalidCastException: Failed to convert parameter value from a Guid to a String. ---> System.InvalidCastException: Object must implement IConvertible.
   at System.Convert.ChangeType(Object value, Type conversionType, IFormatProvider provider)
   at System.Data.SqlClient.SqlParameter.CoerceValue(Object value, MetaType destinationType, Boolean& coercedToDataFeed, Boolean& typeChanged, Boolean allowStreaming)
   --- End of inner exception stack trace ---
   at SimedCredito.Controllers.FormularioClienteController.GuardarClienteFormulario(FormularioRequestCliente request) in C:\Users\Usuario\Desktop\SistemaCreditoSimed\SimedCredito\SimedCredito\Controllers\FormularioClienteController.cs:line 48
   at lambda_method(Closure , Object , Object[] )
   at Microsoft.Extensions.Internal.ObjectMethodExecutor.Execute(Object target, Object[] parameters)
   at Microsoft.AspNetCore.Mvc.Internal.ActionMethodExecutor.SyncActionResultExecutor.Execute(IActionResultTypeMapper mapper, ObjectMethodExecutor executor, Object controller, Object[] arguments)
   at Microsoft.AspNetCore.Mvc.Internal.ControllerActionInvoker.InvokeActionMethodAsync()
   at Microsoft.AspNetCore.Mvc.Internal.ControllerActionInvoker.InvokeNextActionFilterAsync()
   at Microsoft.AspNetCore.Mvc.Internal.ControllerActionInvoker.Rethrow(ActionExecutedContext context)
   at Microsoft.AspNetCore.Mvc.Internal.ControllerActionInvoker.Next(State& next, Scope& scope, Object& state, Boolean& isCompleted)
   at Microsoft.AspNetCore.Mvc.Internal.ControllerActionInvoker.InvokeInnerFilterAsync()
   at Microsoft.AspNetCore.Mvc.Internal.ResourceInvoker.InvokeNextResourceFilter()
   at Microsoft.AspNetCore.Mvc.Internal.ResourceInvoker.Rethrow(ResourceExecutedContext context)
   at Microsoft.AspNetCore.Mvc.Internal.ResourceInvoker.Next(State& next, Scope& scope, Object& state, Boolean& isCompleted)
   at Microsoft.AspNetCore.Mvc.Internal.ResourceInvoker.InvokeFilterPipelineAsync()
   at Microsoft.AspNetCore.Mvc.Internal.ResourceInvoker.InvokeAsync()
   at Microsoft.AspNetCore.Builder.RouterMiddleware.Invoke(HttpContext httpContext)
   at Microsoft.AspNetCore.StaticFiles.StaticFileMiddleware.Invoke(HttpContext context)
   at Microsoft.AspNetCore.Diagnostics.DeveloperExceptionPageMiddleware.Invoke(HttpContext context)
2021-12-17 12:44:36.192 -05:00 [Error] Failed to convert parameter value from a Guid to a String.
2021-12-17 12:44:37.011 -05:00 [Error] An unhandled exception has occurred while executing the request.
System.InvalidCastException: Failed to convert parameter value from a Guid to a String. ---> System.InvalidCastException: Object must implement IConvertible.
   at System.Convert.ChangeType(Object value, Type conversionType, IFormatProvider provider)
   at System.Data.SqlClient.SqlParameter.CoerceValue(Object value, MetaType destinationType, Boolean& coercedToDataFeed, Boolean& typeChanged, Boolean allowStreaming)
   --- End of inner exception stack trace ---
   at SimedCredito.Controllers.FormularioClienteController.GuardarClienteFormulario(FormularioRequestCliente request) in C:\Users\Usuario\Desktop\SistemaCreditoSimed\SimedCredito\SimedCredito\Controllers\FormularioClienteController.cs:line 48
   at lambda_method(Closure , Object , Object[] )
   at Microsoft.Extensions.Internal.ObjectMethodExecutor.Execute(Object target, Object[] parameters)
   at Microsoft.AspNetCore.Mvc.Internal.ActionMethodExecutor.SyncActionResultExecutor.Execute(IActionResultTypeMapper mapper, ObjectMethodExecutor executor, Object controller, Object[] arguments)
   at Microsoft.AspNetCore.Mvc.Internal.ControllerActionInvoker.InvokeActionMethodAsync()
   at Microsoft.AspNetCore.Mvc.Internal.ControllerActionInvoker.InvokeNextActionFilterAsync()
   at Microsoft.AspNetCore.Mvc.Internal.ControllerActionInvoker.Rethrow(ActionExecutedContext context)
   at Microsoft.AspNetCore.Mvc.Internal.ControllerActionInvoker.Next(State& next, Scope& scope, Object& state, Boolean& isCompleted)
   at Microsoft.AspNetCore.Mvc.Internal.ControllerActionInvoker.InvokeInnerFilterAsync()
   at Microsoft.AspNetCore.Mvc.Internal.ResourceInvoker.InvokeNextResourceFilter()
   at Microsoft.AspNetCore.Mvc.Internal.ResourceInvoker.Rethrow(ResourceExecutedContext context)
   at Microsoft.AspNetCore.Mvc.Internal.ResourceInvoker.Next(State& next, Scope& scope, Object& state, Boolean& isCompleted)
   at Microsoft.AspNetCore.Mvc.Internal.ResourceInvoker.InvokeFilterPipelineAsync()
   at Microsoft.AspNetCore.Mvc.Internal.ResourceInvoker.InvokeAsync()
   at Microsoft.AspNetCore.Builder.RouterMiddleware.Invoke(HttpContext httpContext)
   at Microsoft.AspNetCore.StaticFiles.StaticFileMiddleware.Invoke(HttpContext context)
   at Microsoft.AspNetCore.Diagnostics.DeveloperExceptionPageMiddleware.Invoke(HttpContext context)
2021-12-17 12:48:18.052 -05:00 [Error] Failed to convert parameter value from a String to a Int32.
2021-12-17 12:48:18.937 -05:00 [Error] An unhandled exception has occurred while executing the request.
System.FormatException: Failed to convert parameter value from a String to a Int32. ---> System.FormatException: Input string was not in a correct format.
   at System.Number.StringToNumber(ReadOnlySpan`1 str, NumberStyles options, NumberBuffer& number, NumberFormatInfo info, Boolean parseDecimal)
   at System.Number.ParseInt32(ReadOnlySpan`1 s, NumberStyles style, NumberFormatInfo info)
   at System.String.System.IConvertible.ToInt32(IFormatProvider provider)
   at System.Convert.ChangeType(Object value, Type conversionType, IFormatProvider provider)
   at System.Data.SqlClient.SqlParameter.CoerceValue(Object value, MetaType destinationType, Boolean& coercedToDataFeed, Boolean& typeChanged, Boolean allowStreaming)
   --- End of inner exception stack trace ---
   at SimedCredito.Controllers.FormularioClienteController.GuardarClienteFormulario(FormularioRequestCliente request) in C:\Users\Usuario\Desktop\SistemaCreditoSimed\SimedCredito\SimedCredito\Controllers\FormularioClienteController.cs:line 48
   at lambda_method(Closure , Object , Object[] )
   at Microsoft.Extensions.Internal.ObjectMethodExecutor.Execute(Object target, Object[] parameters)
   at Microsoft.AspNetCore.Mvc.Internal.ActionMethodExecutor.SyncActionResultExecutor.Execute(IActionResultTypeMapper mapper, ObjectMethodExecutor executor, Object controller, Object[] arguments)
   at Microsoft.AspNetCore.Mvc.Internal.ControllerActionInvoker.InvokeActionMethodAsync()
   at Microsoft.AspNetCore.Mvc.Internal.ControllerActionInvoker.InvokeNextActionFilterAsync()
   at Microsoft.AspNetCore.Mvc.Internal.ControllerActionInvoker.Rethrow(ActionExecutedContext context)
   at Microsoft.AspNetCore.Mvc.Internal.ControllerActionInvoker.Next(State& next, Scope& scope, Object& state, Boolean& isCompleted)
   at Microsoft.AspNetCore.Mvc.Internal.ControllerActionInvoker.InvokeInnerFilterAsync()
   at Microsoft.AspNetCore.Mvc.Internal.ResourceInvoker.InvokeNextResourceFilter()
   at Microsoft.AspNetCore.Mvc.Internal.ResourceInvoker.Rethrow(ResourceExecutedContext context)
   at Microsoft.AspNetCore.Mvc.Internal.ResourceInvoker.Next(State& next, Scope& scope, Object& state, Boolean& isCompleted)
   at Microsoft.AspNetCore.Mvc.Internal.ResourceInvoker.InvokeFilterPipelineAsync()
   at Microsoft.AspNetCore.Mvc.Internal.ResourceInvoker.InvokeAsync()
   at Microsoft.AspNetCore.Builder.RouterMiddleware.Invoke(HttpContext httpContext)
   at Microsoft.AspNetCore.StaticFiles.StaticFileMiddleware.Invoke(HttpContext context)
   at Microsoft.AspNetCore.Diagnostics.DeveloperExceptionPageMiddleware.Invoke(HttpContext context)
2021-12-17 12:52:32.029 -05:00 [Error] Failed to convert parameter value from a String to a Int32.
2021-12-17 12:52:32.843 -05:00 [Error] An unhandled exception has occurred while executing the request.
System.FormatException: Failed to convert parameter value from a String to a Int32. ---> System.FormatException: Input string was not in a correct format.
   at System.Number.StringToNumber(ReadOnlySpan`1 str, NumberStyles options, NumberBuffer& number, NumberFormatInfo info, Boolean parseDecimal)
   at System.Number.ParseInt32(ReadOnlySpan`1 s, NumberStyles style, NumberFormatInfo info)
   at System.String.System.IConvertible.ToInt32(IFormatProvider provider)
   at System.Convert.ChangeType(Object value, Type conversionType, IFormatProvider provider)
   at System.Data.SqlClient.SqlParameter.CoerceValue(Object value, MetaType destinationType, Boolean& coercedToDataFeed, Boolean& typeChanged, Boolean allowStreaming)
   --- End of inner exception stack trace ---
   at SimedCredito.Controllers.FormularioClienteController.GuardarClienteFormulario(FormularioRequestCliente request) in C:\Users\Usuario\Desktop\SistemaCreditoSimed\SimedCredito\SimedCredito\Controllers\FormularioClienteController.cs:line 48
   at lambda_method(Closure , Object , Object[] )
   at Microsoft.Extensions.Internal.ObjectMethodExecutor.Execute(Object target, Object[] parameters)
   at Microsoft.AspNetCore.Mvc.Internal.ActionMethodExecutor.SyncActionResultExecutor.Execute(IActionResultTypeMapper mapper, ObjectMethodExecutor executor, Object controller, Object[] arguments)
   at Microsoft.AspNetCore.Mvc.Internal.ControllerActionInvoker.InvokeActionMethodAsync()
   at Microsoft.AspNetCore.Mvc.Internal.ControllerActionInvoker.InvokeNextActionFilterAsync()
   at Microsoft.AspNetCore.Mvc.Internal.ControllerActionInvoker.Rethrow(ActionExecutedContext context)
   at Microsoft.AspNetCore.Mvc.Internal.ControllerActionInvoker.Next(State& next, Scope& scope, Object& state, Boolean& isCompleted)
   at Microsoft.AspNetCore.Mvc.Internal.ControllerActionInvoker.InvokeInnerFilterAsync()
   at Microsoft.AspNetCore.Mvc.Internal.ResourceInvoker.InvokeNextResourceFilter()
   at Microsoft.AspNetCore.Mvc.Internal.ResourceInvoker.Rethrow(ResourceExecutedContext context)
   at Microsoft.AspNetCore.Mvc.Internal.ResourceInvoker.Next(State& next, Scope& scope, Object& state, Boolean& isCompleted)
   at Microsoft.AspNetCore.Mvc.Internal.ResourceInvoker.InvokeFilterPipelineAsync()
   at Microsoft.AspNetCore.Mvc.Internal.ResourceInvoker.InvokeAsync()
   at Microsoft.AspNetCore.Builder.RouterMiddleware.Invoke(HttpContext httpContext)
   at Microsoft.AspNetCore.StaticFiles.StaticFileMiddleware.Invoke(HttpContext context)
   at Microsoft.AspNetCore.Diagnostics.DeveloperExceptionPageMiddleware.Invoke(HttpContext context)
2021-12-17 12:58:11.636 -05:00 [Warning] Ingreso
2021-12-17 13:03:44.011 -05:00 [Warning] Ingreso
2021-12-17 13:03:54.521 -05:00 [Warning] Ingreso
2021-12-17 13:17:27.890 -05:00 [Warning] Ingreso
2021-12-17 13:20:33.294 -05:00 [Error] Failed to convert parameter value from a String to a Int32.
2021-12-17 13:20:34.251 -05:00 [Error] An unhandled exception has occurred while executing the request.
System.FormatException: Failed to convert parameter value from a String to a Int32. ---> System.FormatException: Input string was not in a correct format.
   at System.Number.StringToNumber(ReadOnlySpan`1 str, NumberStyles options, NumberBuffer& number, NumberFormatInfo info, Boolean parseDecimal)
   at System.Number.ParseInt32(ReadOnlySpan`1 s, NumberStyles style, NumberFormatInfo info)
   at System.String.System.IConvertible.ToInt32(IFormatProvider provider)
   at System.Convert.ChangeType(Object value, Type conversionType, IFormatProvider provider)
   at System.Data.SqlClient.SqlParameter.CoerceValue(Object value, MetaType destinationType, Boolean& coercedToDataFeed, Boolean& typeChanged, Boolean allowStreaming)
   --- End of inner exception stack trace ---
   at SimedCredito.Controllers.FormularioClienteController.GuardarClienteFormulario(FormularioRequestCliente request) in C:\Users\Usuario\Desktop\SistemaCreditoSimed\SimedCredito\SimedCredito\Controllers\FormularioClienteController.cs:line 48
   at lambda_method(Closure , Object , Object[] )
   at Microsoft.Extensions.Internal.ObjectMethodExecutor.Execute(Object target, Object[] parameters)
   at Microsoft.AspNetCore.Mvc.Internal.ActionMethodExecutor.SyncActionResultExecutor.Execute(IActionResultTypeMapper mapper, ObjectMethodExecutor executor, Object controller, Object[] arguments)
   at Microsoft.AspNetCore.Mvc.Internal.ControllerActionInvoker.InvokeActionMethodAsync()
   at Microsoft.AspNetCore.Mvc.Internal.ControllerActionInvoker.InvokeNextActionFilterAsync()
   at Microsoft.AspNetCore.Mvc.Internal.ControllerActionInvoker.Rethrow(ActionExecutedContext context)
   at Microsoft.AspNetCore.Mvc.Internal.ControllerActionInvoker.Next(State& next, Scope& scope, Object& state, Boolean& isCompleted)
   at Microsoft.AspNetCore.Mvc.Internal.ControllerActionInvoker.InvokeInnerFilterAsync()
   at Microsoft.AspNetCore.Mvc.Internal.ResourceInvoker.InvokeNextResourceFilter()
   at Microsoft.AspNetCore.Mvc.Internal.ResourceInvoker.Rethrow(ResourceExecutedContext context)
   at Microsoft.AspNetCore.Mvc.Internal.ResourceInvoker.Next(State& next, Scope& scope, Object& state, Boolean& isCompleted)
   at Microsoft.AspNetCore.Mvc.Internal.ResourceInvoker.InvokeFilterPipelineAsync()
   at Microsoft.AspNetCore.Mvc.Internal.ResourceInvoker.InvokeAsync()
   at Microsoft.AspNetCore.Builder.RouterMiddleware.Invoke(HttpContext httpContext)
   at Microsoft.AspNetCore.StaticFiles.StaticFileMiddleware.Invoke(HttpContext context)
   at Microsoft.AspNetCore.Diagnostics.DeveloperExceptionPageMiddleware.Invoke(HttpContext context)
2021-12-17 13:23:38.553 -05:00 [Error] Failed to convert parameter value from a String to a Int32.
2021-12-17 13:23:39.328 -05:00 [Error] An unhandled exception has occurred while executing the request.
System.FormatException: Failed to convert parameter value from a String to a Int32. ---> System.FormatException: Input string was not in a correct format.
   at System.Number.StringToNumber(ReadOnlySpan`1 str, NumberStyles options, NumberBuffer& number, NumberFormatInfo info, Boolean parseDecimal)
   at System.Number.ParseInt32(ReadOnlySpan`1 s, NumberStyles style, NumberFormatInfo info)
   at System.String.System.IConvertible.ToInt32(IFormatProvider provider)
   at System.Convert.ChangeType(Object value, Type conversionType, IFormatProvider provider)
   at System.Data.SqlClient.SqlParameter.CoerceValue(Object value, MetaType destinationType, Boolean& coercedToDataFeed, Boolean& typeChanged, Boolean allowStreaming)
   --- End of inner exception stack trace ---
   at SimedCredito.Controllers.FormularioClienteController.GuardarClienteFormulario(FormularioRequestCliente request) in C:\Users\Usuario\Desktop\SistemaCreditoSimed\SimedCredito\SimedCredito\Controllers\FormularioClienteController.cs:line 48
   at lambda_method(Closure , Object , Object[] )
   at Microsoft.Extensions.Internal.ObjectMethodExecutor.Execute(Object target, Object[] parameters)
   at Microsoft.AspNetCore.Mvc.Internal.ActionMethodExecutor.SyncActionResultExecutor.Execute(IActionResultTypeMapper mapper, ObjectMethodExecutor executor, Object controller, Object[] arguments)
   at Microsoft.AspNetCore.Mvc.Internal.ControllerActionInvoker.InvokeActionMethodAsync()
   at Microsoft.AspNetCore.Mvc.Internal.ControllerActionInvoker.InvokeNextActionFilterAsync()
   at Microsoft.AspNetCore.Mvc.Internal.ControllerActionInvoker.Rethrow(ActionExecutedContext context)
   at Microsoft.AspNetCore.Mvc.Internal.ControllerActionInvoker.Next(State& next, Scope& scope, Object& state, Boolean& isCompleted)
   at Microsoft.AspNetCore.Mvc.Internal.ControllerActionInvoker.InvokeInnerFilterAsync()
   at Microsoft.AspNetCore.Mvc.Internal.ResourceInvoker.InvokeNextResourceFilter()
   at Microsoft.AspNetCore.Mvc.Internal.ResourceInvoker.Rethrow(ResourceExecutedContext context)
   at Microsoft.AspNetCore.Mvc.Internal.ResourceInvoker.Next(State& next, Scope& scope, Object& state, Boolean& isCompleted)
   at Microsoft.AspNetCore.Mvc.Internal.ResourceInvoker.InvokeFilterPipelineAsync()
   at Microsoft.AspNetCore.Mvc.Internal.ResourceInvoker.InvokeAsync()
   at Microsoft.AspNetCore.Builder.RouterMiddleware.Invoke(HttpContext httpContext)
   at Microsoft.AspNetCore.StaticFiles.StaticFileMiddleware.Invoke(HttpContext context)
   at Microsoft.AspNetCore.Diagnostics.DeveloperExceptionPageMiddleware.Invoke(HttpContext context)
2021-12-17 13:33:04.744 -05:00 [Warning] Ingreso
2021-12-17 14:07:03.886 -05:00 [Warning] Ingreso
2021-12-17 14:58:07.546 -05:00 [Warning] Ingreso
2021-12-17 19:00:36.959 -05:00 [Warning] Ingreso
2021-12-17 19:00:44.535 -05:00 [Warning] Ingreso
2021-12-17 19:45:44.773 -05:00 [Warning] Ingreso
2021-12-17 19:45:53.831 -05:00 [Warning] Ingreso
2021-12-17 19:46:00.607 -05:00 [Warning] Ingreso
2021-12-17 19:46:04.946 -05:00 [Warning] IdUnidad
2021-12-17 19:46:04.955 -05:00 [Error] IdUnidad
2021-12-17 19:46:56.816 -05:00 [Warning] Ingreso
2021-12-17 19:47:05.263 -05:00 [Warning] Ingreso
2021-12-17 20:32:12.307 -05:00 [Warning] Ingreso
2021-12-17 21:05:47.538 -05:00 [Warning] Ingreso
