2021-11-22 21:37:53.911 -05:00 [Warning] Ingreso
2021-11-22 21:43:20.733 -05:00 [Warning] Ingreso
2021-11-22 21:44:23.947 -05:00 [Warning] Ingreso
2021-11-22 21:59:42.985 -05:00 [Warning] Ingreso
2021-11-22 21:59:51.286 -05:00 [Warning] Ingreso
2021-11-22 22:00:01.333 -05:00 [Warning] Ingreso
2021-11-22 22:01:04.901 -05:00 [Warning] Ingreso
2021-11-22 22:13:47.795 -05:00 [Warning] Ingreso
2021-11-22 22:13:54.931 -05:00 [Warning] Ingreso
2021-11-22 22:27:50.240 -05:00 [Error] Could not find stored procedure 'usp_GetUserByToken'.
2021-11-22 22:27:51.854 -05:00 [Error] An unhandled exception has occurred while executing the request.
System.Data.SqlClient.SqlException (0x80131904): Could not find stored procedure 'usp_GetUserByToken'.
   at SimedCredito.Controllers.UsuarioController.GetUserDataByToken() in C:\Users\Usuario\Desktop\SistemaCreditoSimed\SimedCredito\SimedCredito\Controllers\UsuarioController.cs:line 54
   at lambda_method(Closure , Object , Object[] )
   at Microsoft.Extensions.Internal.ObjectMethodExecutor.Execute(Object target, Object[] parameters)
   at Microsoft.AspNetCore.Mvc.Internal.ActionMethodExecutor.SyncActionResultExecutor.Execute(IActionResultTypeMapper mapper, ObjectMethodExecutor executor, Object controller, Object[] arguments)
   at Microsoft.AspNetCore.Mvc.Internal.ControllerActionInvoker.InvokeActionMethodAsync()
   at Microsoft.AspNetCore.Mvc.Internal.ControllerActionInvoker.InvokeNextActionFilterAsync()
   at Microsoft.AspNetCore.Mvc.Internal.ControllerActionInvoker.Rethrow(ActionExecutedContext context)
   at Microsoft.AspNetCore.Mvc.Internal.ControllerActionInvoker.Next(State& next, Scope& scope, Object& state, Boolean& isCompleted)
   at Microsoft.AspNetCore.Mvc.Internal.ControllerActionInvoker.InvokeInnerFilterAsync()
   at Microsoft.AspNetCore.Mvc.Internal.ResourceInvoker.InvokeNextResourceFilter()
   at Microsoft.AspNetCore.Mvc.Internal.ResourceInvoker.Rethrow(ResourceExecutedContext context)
   at Microsoft.AspNetCore.Mvc.Internal.ResourceInvoker.Next(State& next, Scope& scope, Object& state, Boolean& isCompleted)
   at Microsoft.AspNetCore.Mvc.Internal.ResourceInvoker.InvokeFilterPipelineAsync()
   at Microsoft.AspNetCore.Mvc.Internal.ResourceInvoker.InvokeAsync()
   at Microsoft.AspNetCore.Builder.RouterMiddleware.Invoke(HttpContext httpContext)
   at Microsoft.AspNetCore.StaticFiles.StaticFileMiddleware.Invoke(HttpContext context)
   at Microsoft.AspNetCore.Diagnostics.DeveloperExceptionPageMiddleware.Invoke(HttpContext context)
ClientConnectionId:399646c1-08c1-402f-8706-4094b70d7efd
Error Number:2812,State:62,Class:16
2021-11-22 22:33:58.329 -05:00 [Error] Could not find stored procedure 'usp_GetUserByToken'.
2021-11-22 22:34:08.068 -05:00 [Error] An unhandled exception has occurred while executing the request.
System.Data.SqlClient.SqlException (0x80131904): Could not find stored procedure 'usp_GetUserByToken'.
   at SimedCredito.Controllers.UsuarioController.GetUserDataByToken() in C:\Users\Usuario\Desktop\SistemaCreditoSimed\SimedCredito\SimedCredito\Controllers\UsuarioController.cs:line 54
   at lambda_method(Closure , Object , Object[] )
   at Microsoft.Extensions.Internal.ObjectMethodExecutor.Execute(Object target, Object[] parameters)
   at Microsoft.AspNetCore.Mvc.Internal.ActionMethodExecutor.SyncActionResultExecutor.Execute(IActionResultTypeMapper mapper, ObjectMethodExecutor executor, Object controller, Object[] arguments)
   at Microsoft.AspNetCore.Mvc.Internal.ControllerActionInvoker.InvokeActionMethodAsync()
   at Microsoft.AspNetCore.Mvc.Internal.ControllerActionInvoker.InvokeNextActionFilterAsync()
   at Microsoft.AspNetCore.Mvc.Internal.ControllerActionInvoker.Rethrow(ActionExecutedContext context)
   at Microsoft.AspNetCore.Mvc.Internal.ControllerActionInvoker.Next(State& next, Scope& scope, Object& state, Boolean& isCompleted)
   at Microsoft.AspNetCore.Mvc.Internal.ControllerActionInvoker.InvokeInnerFilterAsync()
   at Microsoft.AspNetCore.Mvc.Internal.ResourceInvoker.InvokeNextResourceFilter()
   at Microsoft.AspNetCore.Mvc.Internal.ResourceInvoker.Rethrow(ResourceExecutedContext context)
   at Microsoft.AspNetCore.Mvc.Internal.ResourceInvoker.Next(State& next, Scope& scope, Object& state, Boolean& isCompleted)
   at Microsoft.AspNetCore.Mvc.Internal.ResourceInvoker.InvokeFilterPipelineAsync()
   at Microsoft.AspNetCore.Mvc.Internal.ResourceInvoker.InvokeAsync()
   at Microsoft.AspNetCore.Builder.RouterMiddleware.Invoke(HttpContext httpContext)
   at Microsoft.AspNetCore.StaticFiles.StaticFileMiddleware.Invoke(HttpContext context)
   at Microsoft.AspNetCore.Diagnostics.DeveloperExceptionPageMiddleware.Invoke(HttpContext context)
ClientConnectionId:b2b9bab5-b78d-4ba7-b2d8-33d15fc87fcb
Error Number:2812,State:62,Class:16
2021-11-22 22:39:50.714 -05:00 [Error] Could not find stored procedure 'usp_GetUserByToken'.
2021-11-22 22:39:51.779 -05:00 [Error] An unhandled exception has occurred while executing the request.
System.Data.SqlClient.SqlException (0x80131904): Could not find stored procedure 'usp_GetUserByToken'.
   at SimedCredito.Controllers.UsuarioController.GetUserDataByToken() in C:\Users\Usuario\Desktop\SistemaCreditoSimed\SimedCredito\SimedCredito\Controllers\UsuarioController.cs:line 54
   at lambda_method(Closure , Object , Object[] )
   at Microsoft.Extensions.Internal.ObjectMethodExecutor.Execute(Object target, Object[] parameters)
   at Microsoft.AspNetCore.Mvc.Internal.ActionMethodExecutor.SyncActionResultExecutor.Execute(IActionResultTypeMapper mapper, ObjectMethodExecutor executor, Object controller, Object[] arguments)
   at Microsoft.AspNetCore.Mvc.Internal.ControllerActionInvoker.InvokeActionMethodAsync()
   at Microsoft.AspNetCore.Mvc.Internal.ControllerActionInvoker.InvokeNextActionFilterAsync()
   at Microsoft.AspNetCore.Mvc.Internal.ControllerActionInvoker.Rethrow(ActionExecutedContext context)
   at Microsoft.AspNetCore.Mvc.Internal.ControllerActionInvoker.Next(State& next, Scope& scope, Object& state, Boolean& isCompleted)
   at Microsoft.AspNetCore.Mvc.Internal.ControllerActionInvoker.InvokeInnerFilterAsync()
   at Microsoft.AspNetCore.Mvc.Internal.ResourceInvoker.InvokeNextResourceFilter()
   at Microsoft.AspNetCore.Mvc.Internal.ResourceInvoker.Rethrow(ResourceExecutedContext context)
   at Microsoft.AspNetCore.Mvc.Internal.ResourceInvoker.Next(State& next, Scope& scope, Object& state, Boolean& isCompleted)
   at Microsoft.AspNetCore.Mvc.Internal.ResourceInvoker.InvokeFilterPipelineAsync()
   at Microsoft.AspNetCore.Mvc.Internal.ResourceInvoker.InvokeAsync()
   at Microsoft.AspNetCore.Builder.RouterMiddleware.Invoke(HttpContext httpContext)
   at Microsoft.AspNetCore.StaticFiles.StaticFileMiddleware.Invoke(HttpContext context)
   at Microsoft.AspNetCore.Diagnostics.DeveloperExceptionPageMiddleware.Invoke(HttpContext context)
ClientConnectionId:b2b9bab5-b78d-4ba7-b2d8-33d15fc87fcb
Error Number:2812,State:62,Class:16
2021-11-22 22:41:48.578 -05:00 [Warning] Ingreso
2021-11-22 22:41:54.464 -05:00 [Warning] Ingreso
2021-11-22 22:42:43.043 -05:00 [Error] UserCode
2021-11-22 22:43:01.421 -05:00 [Error] An unhandled exception has occurred while executing the request.
System.IndexOutOfRangeException: UserCode
   at SimedCredito.Controllers.UsuarioController.GetUserDataByToken() in C:\Users\Usuario\Desktop\SistemaCreditoSimed\SimedCredito\SimedCredito\Controllers\UsuarioController.cs:line 54
   at lambda_method(Closure , Object , Object[] )
   at Microsoft.Extensions.Internal.ObjectMethodExecutor.Execute(Object target, Object[] parameters)
   at Microsoft.AspNetCore.Mvc.Internal.ActionMethodExecutor.SyncActionResultExecutor.Execute(IActionResultTypeMapper mapper, ObjectMethodExecutor executor, Object controller, Object[] arguments)
   at Microsoft.AspNetCore.Mvc.Internal.ControllerActionInvoker.InvokeActionMethodAsync()
   at Microsoft.AspNetCore.Mvc.Internal.ControllerActionInvoker.InvokeNextActionFilterAsync()
   at Microsoft.AspNetCore.Mvc.Internal.ControllerActionInvoker.Rethrow(ActionExecutedContext context)
   at Microsoft.AspNetCore.Mvc.Internal.ControllerActionInvoker.Next(State& next, Scope& scope, Object& state, Boolean& isCompleted)
   at Microsoft.AspNetCore.Mvc.Internal.ControllerActionInvoker.InvokeInnerFilterAsync()
   at Microsoft.AspNetCore.Mvc.Internal.ResourceInvoker.InvokeNextResourceFilter()
   at Microsoft.AspNetCore.Mvc.Internal.ResourceInvoker.Rethrow(ResourceExecutedContext context)
   at Microsoft.AspNetCore.Mvc.Internal.ResourceInvoker.Next(State& next, Scope& scope, Object& state, Boolean& isCompleted)
   at Microsoft.AspNetCore.Mvc.Internal.ResourceInvoker.InvokeFilterPipelineAsync()
   at Microsoft.AspNetCore.Mvc.Internal.ResourceInvoker.InvokeAsync()
   at Microsoft.AspNetCore.Builder.RouterMiddleware.Invoke(HttpContext httpContext)
   at Microsoft.AspNetCore.StaticFiles.StaticFileMiddleware.Invoke(HttpContext context)
   at Microsoft.AspNetCore.Diagnostics.DeveloperExceptionPageMiddleware.Invoke(HttpContext context)
2021-11-22 22:43:29.802 -05:00 [Warning] Ingreso
2021-11-22 22:47:39.530 -05:00 [Warning] Ingreso
2021-11-22 22:51:47.304 -05:00 [Warning] Ingreso
2021-11-22 22:54:47.174 -05:00 [Warning] Ingreso
2021-11-22 23:04:48.746 -05:00 [Warning] Ingreso
