2021-12-15 07:37:54.997 -05:00 [Warning] Ingreso
2021-12-15 07:42:39.871 -05:00 [Warning] Ingreso
2021-12-15 07:52:00.668 -05:00 [Warning] Ingreso
2021-12-15 08:10:08.277 -05:00 [Warning] Ingreso
2021-12-15 08:32:12.773 -05:00 [Warning] Ingreso
2021-12-15 13:07:02.928 -05:00 [Warning] Ingreso
2021-12-15 13:28:34.751 -05:00 [Warning] Ingreso
2021-12-15 14:24:09.478 -05:00 [Warning] Ingreso
2021-12-15 15:04:03.699 -05:00 [Warning] Ingreso
2021-12-15 15:10:56.058 -05:00 [Error] Failed to convert parameter value from a String to a Int32.
2021-12-15 15:10:58.455 -05:00 [Error] An unhandled exception has occurred while executing the request.
System.FormatException: Failed to convert parameter value from a String to a Int32. ---> System.FormatException: Input string was not in a correct format.
   at System.Number.StringToNumber(ReadOnlySpan`1 str, NumberStyles options, NumberBuffer& number, NumberFormatInfo info, Boolean parseDecimal)
   at System.Number.ParseInt32(ReadOnlySpan`1 s, NumberStyles style, NumberFormatInfo info)
   at System.String.System.IConvertible.ToInt32(IFormatProvider provider)
   at System.Convert.ChangeType(Object value, Type conversionType, IFormatProvider provider)
   at System.Data.SqlClient.SqlParameter.CoerceValue(Object value, MetaType destinationType, Boolean& coercedToDataFeed, Boolean& typeChanged, Boolean allowStreaming)
   --- End of inner exception stack trace ---
   at SimedCredito.Controllers.FormularioClienteController.GuardarClienteFormulario(FormularioRequestCliente request) in C:\Users\Usuario\Desktop\SistemaCreditoSimed\SimedCredito\SimedCredito\Controllers\FormularioClienteController.cs:line 48
   at lambda_method(Closure , Object , Object[] )
   at Microsoft.Extensions.Internal.ObjectMethodExecutor.Execute(Object target, Object[] parameters)
   at Microsoft.AspNetCore.Mvc.Internal.ActionMethodExecutor.SyncActionResultExecutor.Execute(IActionResultTypeMapper mapper, ObjectMethodExecutor executor, Object controller, Object[] arguments)
   at Microsoft.AspNetCore.Mvc.Internal.ControllerActionInvoker.InvokeActionMethodAsync()
   at Microsoft.AspNetCore.Mvc.Internal.ControllerActionInvoker.InvokeNextActionFilterAsync()
   at Microsoft.AspNetCore.Mvc.Internal.ControllerActionInvoker.Rethrow(ActionExecutedContext context)
   at Microsoft.AspNetCore.Mvc.Internal.ControllerActionInvoker.Next(State& next, Scope& scope, Object& state, Boolean& isCompleted)
   at Microsoft.AspNetCore.Mvc.Internal.ControllerActionInvoker.InvokeInnerFilterAsync()
   at Microsoft.AspNetCore.Mvc.Internal.ResourceInvoker.InvokeNextResourceFilter()
   at Microsoft.AspNetCore.Mvc.Internal.ResourceInvoker.Rethrow(ResourceExecutedContext context)
   at Microsoft.AspNetCore.Mvc.Internal.ResourceInvoker.Next(State& next, Scope& scope, Object& state, Boolean& isCompleted)
   at Microsoft.AspNetCore.Mvc.Internal.ResourceInvoker.InvokeFilterPipelineAsync()
   at Microsoft.AspNetCore.Mvc.Internal.ResourceInvoker.InvokeAsync()
   at Microsoft.AspNetCore.Builder.RouterMiddleware.Invoke(HttpContext httpContext)
   at Microsoft.AspNetCore.StaticFiles.StaticFileMiddleware.Invoke(HttpContext context)
   at Microsoft.AspNetCore.Diagnostics.DeveloperExceptionPageMiddleware.Invoke(HttpContext context)
2021-12-15 15:12:09.650 -05:00 [Error] Could not find stored procedure 'saveprospects'.
2021-12-15 15:12:10.778 -05:00 [Error] An unhandled exception has occurred while executing the request.
System.Data.SqlClient.SqlException (0x80131904): Could not find stored procedure 'saveprospects'.
   at SimedCredito.Controllers.FormularioClienteController.GuardarClienteFormulario(FormularioRequestCliente request) in C:\Users\Usuario\Desktop\SistemaCreditoSimed\SimedCredito\SimedCredito\Controllers\FormularioClienteController.cs:line 48
   at lambda_method(Closure , Object , Object[] )
   at Microsoft.Extensions.Internal.ObjectMethodExecutor.Execute(Object target, Object[] parameters)
   at Microsoft.AspNetCore.Mvc.Internal.ActionMethodExecutor.SyncActionResultExecutor.Execute(IActionResultTypeMapper mapper, ObjectMethodExecutor executor, Object controller, Object[] arguments)
   at Microsoft.AspNetCore.Mvc.Internal.ControllerActionInvoker.InvokeActionMethodAsync()
   at Microsoft.AspNetCore.Mvc.Internal.ControllerActionInvoker.InvokeNextActionFilterAsync()
   at Microsoft.AspNetCore.Mvc.Internal.ControllerActionInvoker.Rethrow(ActionExecutedContext context)
   at Microsoft.AspNetCore.Mvc.Internal.ControllerActionInvoker.Next(State& next, Scope& scope, Object& state, Boolean& isCompleted)
   at Microsoft.AspNetCore.Mvc.Internal.ControllerActionInvoker.InvokeInnerFilterAsync()
   at Microsoft.AspNetCore.Mvc.Internal.ResourceInvoker.InvokeNextResourceFilter()
   at Microsoft.AspNetCore.Mvc.Internal.ResourceInvoker.Rethrow(ResourceExecutedContext context)
   at Microsoft.AspNetCore.Mvc.Internal.ResourceInvoker.Next(State& next, Scope& scope, Object& state, Boolean& isCompleted)
   at Microsoft.AspNetCore.Mvc.Internal.ResourceInvoker.InvokeFilterPipelineAsync()
   at Microsoft.AspNetCore.Mvc.Internal.ResourceInvoker.InvokeAsync()
   at Microsoft.AspNetCore.Builder.RouterMiddleware.Invoke(HttpContext httpContext)
   at Microsoft.AspNetCore.StaticFiles.StaticFileMiddleware.Invoke(HttpContext context)
   at Microsoft.AspNetCore.Diagnostics.DeveloperExceptionPageMiddleware.Invoke(HttpContext context)
ClientConnectionId:07ce716c-b25a-442c-af67-06a349ed772a
Error Number:2812,State:62,Class:16
2021-12-15 15:16:00.935 -05:00 [Error] Procedure or function 'usp_GuardarFormularioCliente' expects parameter '@IdClienteDatosGenerales', which was not supplied.
2021-12-15 15:16:01.846 -05:00 [Error] An unhandled exception has occurred while executing the request.
System.Data.SqlClient.SqlException (0x80131904): Procedure or function 'usp_GuardarFormularioCliente' expects parameter '@IdClienteDatosGenerales', which was not supplied.
   at SimedCredito.Controllers.FormularioClienteController.GuardarClienteFormulario(FormularioRequestCliente request) in C:\Users\Usuario\Desktop\SistemaCreditoSimed\SimedCredito\SimedCredito\Controllers\FormularioClienteController.cs:line 48
   at lambda_method(Closure , Object , Object[] )
   at Microsoft.Extensions.Internal.ObjectMethodExecutor.Execute(Object target, Object[] parameters)
   at Microsoft.AspNetCore.Mvc.Internal.ActionMethodExecutor.SyncActionResultExecutor.Execute(IActionResultTypeMapper mapper, ObjectMethodExecutor executor, Object controller, Object[] arguments)
   at Microsoft.AspNetCore.Mvc.Internal.ControllerActionInvoker.InvokeActionMethodAsync()
   at Microsoft.AspNetCore.Mvc.Internal.ControllerActionInvoker.InvokeNextActionFilterAsync()
   at Microsoft.AspNetCore.Mvc.Internal.ControllerActionInvoker.Rethrow(ActionExecutedContext context)
   at Microsoft.AspNetCore.Mvc.Internal.ControllerActionInvoker.Next(State& next, Scope& scope, Object& state, Boolean& isCompleted)
   at Microsoft.AspNetCore.Mvc.Internal.ControllerActionInvoker.InvokeInnerFilterAsync()
   at Microsoft.AspNetCore.Mvc.Internal.ResourceInvoker.InvokeNextResourceFilter()
   at Microsoft.AspNetCore.Mvc.Internal.ResourceInvoker.Rethrow(ResourceExecutedContext context)
   at Microsoft.AspNetCore.Mvc.Internal.ResourceInvoker.Next(State& next, Scope& scope, Object& state, Boolean& isCompleted)
   at Microsoft.AspNetCore.Mvc.Internal.ResourceInvoker.InvokeFilterPipelineAsync()
   at Microsoft.AspNetCore.Mvc.Internal.ResourceInvoker.InvokeAsync()
   at Microsoft.AspNetCore.Builder.RouterMiddleware.Invoke(HttpContext httpContext)
   at Microsoft.AspNetCore.StaticFiles.StaticFileMiddleware.Invoke(HttpContext context)
   at Microsoft.AspNetCore.Diagnostics.DeveloperExceptionPageMiddleware.Invoke(HttpContext context)
ClientConnectionId:07ce716c-b25a-442c-af67-06a349ed772a
Error Number:201,State:4,Class:16
2021-12-15 15:19:08.439 -05:00 [Warning] Ingreso
2021-12-15 18:14:05.906 -05:00 [Warning] Ingreso
2021-12-15 18:47:27.552 -05:00 [Warning] Ingreso
2021-12-15 19:53:08.836 -05:00 [Warning] Ingreso
2021-12-15 20:04:41.048 -05:00 [Warning] Ingreso
2021-12-15 20:04:59.551 -05:00 [Warning] Ingreso
2021-12-15 20:16:24.521 -05:00 [Warning] Ingreso
2021-12-15 20:46:02.122 -05:00 [Warning] Ingreso
2021-12-15 20:54:39.918 -05:00 [Warning] Ingreso
