2022-01-11 12:34:37.271 -05:00 [Warning] Ingreso
2022-01-11 13:59:54.533 -05:00 [Warning] Ingreso
2022-01-11 14:01:40.573 -05:00 [Warning] Ingreso
2022-01-11 14:03:35.461 -05:00 [Error] Conversion failed when converting from a character string to uniqueidentifier.
2022-01-11 14:05:23.306 -05:00 [Error] An unhandled exception has occurred while executing the request.
System.Data.SqlClient.SqlException (0x80131904): Conversion failed when converting from a character string to uniqueidentifier.
   at SimedCredito.Controllers.FormularioClienteController.GuardarClienteFormulario(FormularioRequestCliente request) in C:\Users\Usuario\Desktop\SistemaCreditoSimed\SimedCredito\SimedCredito\Controllers\FormularioClienteController.cs:line 165
   at lambda_method(Closure , Object , Object[] )
   at Microsoft.Extensions.Internal.ObjectMethodExecutor.Execute(Object target, Object[] parameters)
   at Microsoft.AspNetCore.Mvc.Internal.ActionMethodExecutor.SyncActionResultExecutor.Execute(IActionResultTypeMapper mapper, ObjectMethodExecutor executor, Object controller, Object[] arguments)
   at Microsoft.AspNetCore.Mvc.Internal.ControllerActionInvoker.InvokeActionMethodAsync()
   at Microsoft.AspNetCore.Mvc.Internal.ControllerActionInvoker.InvokeNextActionFilterAsync()
   at Microsoft.AspNetCore.Mvc.Internal.ControllerActionInvoker.Rethrow(ActionExecutedContext context)
   at Microsoft.AspNetCore.Mvc.Internal.ControllerActionInvoker.Next(State& next, Scope& scope, Object& state, Boolean& isCompleted)
   at Microsoft.AspNetCore.Mvc.Internal.ControllerActionInvoker.InvokeInnerFilterAsync()
   at Microsoft.AspNetCore.Mvc.Internal.ResourceInvoker.InvokeNextResourceFilter()
   at Microsoft.AspNetCore.Mvc.Internal.ResourceInvoker.Rethrow(ResourceExecutedContext context)
   at Microsoft.AspNetCore.Mvc.Internal.ResourceInvoker.Next(State& next, Scope& scope, Object& state, Boolean& isCompleted)
   at Microsoft.AspNetCore.Mvc.Internal.ResourceInvoker.InvokeFilterPipelineAsync()
   at Microsoft.AspNetCore.Mvc.Internal.ResourceInvoker.InvokeAsync()
   at Microsoft.AspNetCore.Builder.RouterMiddleware.Invoke(HttpContext httpContext)
   at Microsoft.AspNetCore.StaticFiles.StaticFileMiddleware.Invoke(HttpContext context)
   at Microsoft.AspNetCore.Diagnostics.DeveloperExceptionPageMiddleware.Invoke(HttpContext context)
ClientConnectionId:1252b251-b5d3-42fe-8d28-b9a72bb75f1d
Error Number:8169,State:2,Class:16
2022-01-11 14:10:00.546 -05:00 [Error] Conversion failed when converting from a character string to uniqueidentifier.
2022-01-11 14:10:02.914 -05:00 [Error] An unhandled exception has occurred while executing the request.
System.Data.SqlClient.SqlException (0x80131904): Conversion failed when converting from a character string to uniqueidentifier.
   at SimedCredito.Controllers.FormularioClienteController.GuardarClienteFormulario(FormularioRequestCliente request) in C:\Users\Usuario\Desktop\SistemaCreditoSimed\SimedCredito\SimedCredito\Controllers\FormularioClienteController.cs:line 165
   at lambda_method(Closure , Object , Object[] )
   at Microsoft.Extensions.Internal.ObjectMethodExecutor.Execute(Object target, Object[] parameters)
   at Microsoft.AspNetCore.Mvc.Internal.ActionMethodExecutor.SyncActionResultExecutor.Execute(IActionResultTypeMapper mapper, ObjectMethodExecutor executor, Object controller, Object[] arguments)
   at Microsoft.AspNetCore.Mvc.Internal.ControllerActionInvoker.InvokeActionMethodAsync()
   at Microsoft.AspNetCore.Mvc.Internal.ControllerActionInvoker.InvokeNextActionFilterAsync()
   at Microsoft.AspNetCore.Mvc.Internal.ControllerActionInvoker.Rethrow(ActionExecutedContext context)
   at Microsoft.AspNetCore.Mvc.Internal.ControllerActionInvoker.Next(State& next, Scope& scope, Object& state, Boolean& isCompleted)
   at Microsoft.AspNetCore.Mvc.Internal.ControllerActionInvoker.InvokeInnerFilterAsync()
   at Microsoft.AspNetCore.Mvc.Internal.ResourceInvoker.InvokeNextResourceFilter()
   at Microsoft.AspNetCore.Mvc.Internal.ResourceInvoker.Rethrow(ResourceExecutedContext context)
   at Microsoft.AspNetCore.Mvc.Internal.ResourceInvoker.Next(State& next, Scope& scope, Object& state, Boolean& isCompleted)
   at Microsoft.AspNetCore.Mvc.Internal.ResourceInvoker.InvokeFilterPipelineAsync()
   at Microsoft.AspNetCore.Mvc.Internal.ResourceInvoker.InvokeAsync()
   at Microsoft.AspNetCore.Builder.RouterMiddleware.Invoke(HttpContext httpContext)
   at Microsoft.AspNetCore.StaticFiles.StaticFileMiddleware.Invoke(HttpContext context)
   at Microsoft.AspNetCore.Diagnostics.DeveloperExceptionPageMiddleware.Invoke(HttpContext context)
ClientConnectionId:1252b251-b5d3-42fe-8d28-b9a72bb75f1d
Error Number:8169,State:2,Class:16
2022-01-11 14:15:04.334 -05:00 [Error] Conversion failed when converting from a character string to uniqueidentifier.
2022-01-11 14:15:07.371 -05:00 [Error] An unhandled exception has occurred while executing the request.
System.Data.SqlClient.SqlException (0x80131904): Conversion failed when converting from a character string to uniqueidentifier.
   at SimedCredito.Controllers.FormularioClienteController.GuardarClienteFormulario(FormularioRequestCliente request) in C:\Users\Usuario\Desktop\SistemaCreditoSimed\SimedCredito\SimedCredito\Controllers\FormularioClienteController.cs:line 165
   at lambda_method(Closure , Object , Object[] )
   at Microsoft.Extensions.Internal.ObjectMethodExecutor.Execute(Object target, Object[] parameters)
   at Microsoft.AspNetCore.Mvc.Internal.ActionMethodExecutor.SyncActionResultExecutor.Execute(IActionResultTypeMapper mapper, ObjectMethodExecutor executor, Object controller, Object[] arguments)
   at Microsoft.AspNetCore.Mvc.Internal.ControllerActionInvoker.InvokeActionMethodAsync()
   at Microsoft.AspNetCore.Mvc.Internal.ControllerActionInvoker.InvokeNextActionFilterAsync()
   at Microsoft.AspNetCore.Mvc.Internal.ControllerActionInvoker.Rethrow(ActionExecutedContext context)
   at Microsoft.AspNetCore.Mvc.Internal.ControllerActionInvoker.Next(State& next, Scope& scope, Object& state, Boolean& isCompleted)
   at Microsoft.AspNetCore.Mvc.Internal.ControllerActionInvoker.InvokeInnerFilterAsync()
   at Microsoft.AspNetCore.Mvc.Internal.ResourceInvoker.InvokeNextResourceFilter()
   at Microsoft.AspNetCore.Mvc.Internal.ResourceInvoker.Rethrow(ResourceExecutedContext context)
   at Microsoft.AspNetCore.Mvc.Internal.ResourceInvoker.Next(State& next, Scope& scope, Object& state, Boolean& isCompleted)
   at Microsoft.AspNetCore.Mvc.Internal.ResourceInvoker.InvokeFilterPipelineAsync()
   at Microsoft.AspNetCore.Mvc.Internal.ResourceInvoker.InvokeAsync()
   at Microsoft.AspNetCore.Builder.RouterMiddleware.Invoke(HttpContext httpContext)
   at Microsoft.AspNetCore.StaticFiles.StaticFileMiddleware.Invoke(HttpContext context)
   at Microsoft.AspNetCore.Diagnostics.DeveloperExceptionPageMiddleware.Invoke(HttpContext context)
ClientConnectionId:1252b251-b5d3-42fe-8d28-b9a72bb75f1d
Error Number:8169,State:2,Class:16
2022-01-11 14:35:32.292 -05:00 [Warning] Ingreso
2022-01-11 15:43:45.073 -05:00 [Warning] Ingreso
2022-01-11 23:04:01.475 -05:00 [Warning] Ingreso
2022-01-11 23:10:32.856 -05:00 [Warning] Ingreso
2022-01-11 23:38:25.689 -05:00 [Warning] Ingreso
